<!DOCTYPE html PUBLIC "-//W3C//DTD XHTML 1.1//EN" "http://www.w3.org/TR/xhtml11/DTD/xhtml11.dtd">
<html xmlns="http://www.w3.org/1999/xhtml"><head><title>TestNG Report</title><style type="text/css">table {margin-bottom:10px;border-collapse:collapse;empty-cells:show}th,td {border:1px solid #009;padding:.25em .5em}th {vertical-align:bottom}td {vertical-align:top}table a {font-weight:bold}.stripe td {background-color: #E6EBF9}.num {text-align:right}.passedodd td {background-color: #3F3}.passedeven td {background-color: #0A0}.skippedodd td {background-color: #DDD}.skippedeven td {background-color: #CCC}.failedodd td,.attn {background-color: #F33}.failedeven td,.stripe .attn {background-color: #D00}.stacktrace {white-space:pre;font-family:monospace}.totop {font-size:85%;text-align:center;border-bottom:2px solid #000}</style></head><body><table><tr><th>Test</th><th># Passed</th><th># Skipped</th><th># Failed</th><th>Time (ms)</th><th>Included Groups</th><th>Excluded Groups</th></tr><tr><th colspan="7">Default suite</th></tr><tr><td><a href="#t0">Default test</a></td><td class="num">1</td><td class="num attn">25</td><td class="num attn">5</td><td class="num">8,086,121</td><td></td><td></td></tr></table><table><thead><tr><th>Class</th><th>Method</th><th>Start</th><th>Time (ms)</th></tr></thead><tbody><tr><th colspan="4">Default suite</th></tr></tbody><tbody id="t0"><tr><th colspan="4">Default test &#8212; failed (configuration methods)</th></tr><tr class="failedeven"><td rowspan="1">Tests.AEA_LOCRegression_batchFile_4</td><td><a href="#m0">getResult</a></td><td rowspan="1">1551171122284</td><td rowspan="1">0</td></tr><tr><th colspan="4">Default test &#8212; failed</th></tr><tr class="failedeven"><td rowspan="5">Tests.AEA_LOCRegression_batchFile_4</td><td><a href="#m1">DFLTcustomer_RCC7_RCCSchedule__Bankruptcy_RCCStatusverification_Sc283</a></td><td rowspan="1">1551166339919</td><td rowspan="1">1448857</td></tr><tr class="failedeven"><td><a href="#m2">DFLTcustomer_RCC7_RCCSchedule__Bankruptcy_VoidBNK_RCCStatusverification_Sc284</a></td><td rowspan="1">1551167789026</td><td rowspan="1">1451247</td></tr><tr class="failedeven"><td><a href="#m3">DFLTcustomer_RCC7_RCCSchedule__PendingBankruptcy_VoidPendingBnkrupt_VerifyRCCSchedule_Sc286</a></td><td rowspan="1">1551170678656</td><td rowspan="1">443628</td></tr><tr class="failedeven"><td><a href="#m4">DFLTcustomer_RCC7_RCCSchedule__lastinstdeposit_Bnkruptwithclear_Sc281</a></td><td rowspan="1">1551163038909</td><td rowspan="1">1635721</td></tr><tr class="failedeven"><td><a href="#m5">DFLTcustomer_RCC7_RCCSchedule__lastinstdeposit_Bnkruptwithclear_VoidBNK_Sc282</a></td><td rowspan="1">1551164675286</td><td rowspan="1">1660265</td></tr><tr><th colspan="4">Default test &#8212; skipped (configuration methods)</th></tr><tr class="skippedeven"><td rowspan="27">Tests.AEA_LOCRegression_batchFile_4</td><td><a href="#m6">closeBrowser</a></td><td rowspan="1">1551171122315</td><td rowspan="1">0</td></tr><tr class="skippedeven"><td><a href="#m7">endReport</a></td><td rowspan="1">1551171122393</td><td rowspan="1">0</td></tr><tr class="skippedeven"><td><a href="#m8">getResult</a></td><td rowspan="25">1551171122300</td><td rowspan="25">0</td></tr><tr class="skippedeven"><td><a href="#m9">getResult</a></td></tr><tr class="skippedeven"><td><a href="#m10">getResult</a></td></tr><tr class="skippedeven"><td><a href="#m11">getResult</a></td></tr><tr class="skippedeven"><td><a href="#m12">getResult</a></td></tr><tr class="skippedeven"><td><a href="#m13">getResult</a></td></tr><tr class="skippedeven"><td><a href="#m14">getResult</a></td></tr><tr class="skippedeven"><td><a href="#m15">getResult</a></td></tr><tr class="skippedeven"><td><a href="#m16">getResult</a></td></tr><tr class="skippedeven"><td><a href="#m17">getResult</a></td></tr><tr class="skippedeven"><td><a href="#m18">getResult</a></td></tr><tr class="skippedeven"><td><a href="#m19">getResult</a></td></tr><tr class="skippedeven"><td><a href="#m20">getResult</a></td></tr><tr class="skippedeven"><td><a href="#m21">getResult</a></td></tr><tr class="skippedeven"><td><a href="#m22">getResult</a></td></tr><tr class="skippedeven"><td><a href="#m23">getResult</a></td></tr><tr class="skippedeven"><td><a href="#m24">getResult</a></td></tr><tr class="skippedeven"><td><a href="#m25">getResult</a></td></tr><tr class="skippedeven"><td><a href="#m26">getResult</a></td></tr><tr class="skippedeven"><td><a href="#m27">getResult</a></td></tr><tr class="skippedeven"><td><a href="#m28">getResult</a></td></tr><tr class="skippedeven"><td><a href="#m29">getResult</a></td></tr><tr class="skippedeven"><td><a href="#m30">getResult</a></td></tr><tr class="skippedeven"><td><a href="#m31">getResult</a></td></tr><tr class="skippedeven"><td><a href="#m32">getResult</a></td></tr><tr><th colspan="4">Default test &#8212; skipped</th></tr><tr class="skippedeven"><td rowspan="25">Tests.AEA_LOCRegression_batchFile_4</td><td><a href="#m33">DFLTLoan_WO_RCCStatusShouldbeY_ChangeFrequency_RCCSchedule_InstDatesBaseOnNewFrequency_</a></td><td rowspan="1">1551171122300</td><td rowspan="1">0</td></tr><tr class="skippedeven"><td><a href="#m34">DFLTLoan_WO_RCCStatusShouldbeY_ChangeFrequency_RCCSchedule_InstDatesBaseOnOldFrequency_</a></td><td rowspan="1">1551171122300</td><td rowspan="1">0</td></tr><tr class="skippedeven"><td><a href="#m35">DFLT_WO_RccSChedule_RccRevoke_Epp_voidEpp_RccAuthorzation_CustomershouldeligibleforRCCnow</a></td><td rowspan="1">1551171122315</td><td rowspan="1">0</td></tr><tr class="skippedeven"><td><a href="#m36">DeflutLoan__GenerateRcc_PendingBNK_DepositNotBeProcessed</a></td><td rowspan="1">1551171122300</td><td rowspan="1">0</td></tr><tr class="skippedeven"><td><a href="#m37">DeflutLoan__GenerateRcc_PendingBNK_VoidPendingBNK_DepositNotBeProcessed</a></td><td rowspan="1">1551171122300</td><td rowspan="1">0</td></tr><tr class="skippedeven"><td><a href="#m38">LOCI_Draw_Stmnt_Dep_Return_RepDep_ActMilitary_RepresrecCancel_</a></td><td rowspan="1">1551171122315</td><td rowspan="1">0</td></tr><tr class="skippedeven"><td><a href="#m39">LOCI_Draw_Stmt_DLQ_Cure_Default_WO_1stinst_return_2ndinst_Return_3rdinst_Return</a></td><td rowspan="1">1551171122315</td><td rowspan="1">0</td></tr><tr class="skippedeven"><td><a href="#m40">LOCI_Draw_Stmt_DLQ_Cure_Default_WO_DepositLastInstall_LoanshouldnotBeClosed</a></td><td rowspan="1">1551171122315</td><td rowspan="1">0</td></tr><tr class="skippedeven"><td><a href="#m41">LOCI_Draw_Stmt_DLQ_Cure_Default_WO_DepositandClearLastInstall_LoanshouldBeClosed</a></td><td rowspan="1">1551171122315</td><td rowspan="1">0</td></tr><tr class="skippedeven"><td><a href="#m42">LOCI_Draw_Stmt_DLQ_Cure_Default_WO_DepositandReturnLastInstall_Loanshouldbeupdatedtopreviousstatusandscheduleshouldberevised</a></td><td rowspan="1">1551171122315</td><td rowspan="1">0</td></tr><tr class="skippedeven"><td><a href="#m43">LOCI_Draw_Stmt_Dlqt_Cure_WO_RCCSchdl_1stInstDep_1stInstRet</a></td><td rowspan="1">1551171122300</td><td rowspan="1">0</td></tr><tr class="skippedeven"><td><a href="#m44">LOCI_Draw_Stmt_Dlqt_Cure_WO_RCCSchdl_1stInstDep_clear_2ndInstDep_1stInstRet</a></td><td rowspan="1">1551171122300</td><td rowspan="1">0</td></tr><tr class="skippedeven"><td><a href="#m45">LOCI_Draw_Stmt_Dlqt_Cure_WO_RCCSchdl_1stInstDep_clear_NextInstPartPmt_RCCScdlReviseBalAmt_</a></td><td rowspan="1">1551171122300</td><td rowspan="1">0</td></tr><tr class="skippedeven"><td><a href="#m46">LOCI_Draw_Stmt_delinquent_Cure_DFLT_WO_RCCScdl_RCCRev_RCCCancelled_</a></td><td rowspan="1">1551171122300</td><td rowspan="1">0</td></tr><tr class="skippedeven"><td><a href="#m47">LOCI_Draw_Stmt_delinquent_Cure_WO_RCCScdl_RCCRevoke_Authorizeafter1month_RCCRevise</a></td><td rowspan="1">1551171122300</td><td rowspan="1">0</td></tr><tr class="skippedeven"><td><a href="#m48">LOCI_Draw_stmt_Deposit_ReturnwithR01_ACTM_ACTMEnd_RepDepRecordchouldpickforDeposit_Sc314</a></td><td rowspan="1">1551171122315</td><td rowspan="1">0</td></tr><tr class="skippedeven"><td><a href="#m49">LOCI_Draw_stmt_Deposit_ReturnwithR01_DLQ_Cure_WO_PendingBNK_Deceased_EligibilityRCC_Sc291</a></td><td rowspan="1">1551171122300</td><td rowspan="1">0</td></tr><tr class="skippedeven"><td><a href="#m50">LOCI_WKY_Bim_Bi_Draw_Stmt_Dep_Return_PartialPayment_RepDep</a></td><td rowspan="1">1551171122315</td><td rowspan="1">0</td></tr><tr class="skippedeven"><td><a href="#m51">LOCI_wky_Bim_Bi_Draw_Stmt_Dep_Return_RepDep</a></td><td rowspan="1">1551171122315</td><td rowspan="1">0</td></tr><tr class="skippedeven"><td><a href="#m52">LOCI_wky_Bim_Bi_Draw_Stmt_Dep_Return_RepDep_Clear_Return</a></td><td rowspan="1">1551171122315</td><td rowspan="1">0</td></tr><tr class="skippedeven"><td><a href="#m53">LOCInit_Draw_Stmt_Dep_ReturnR01andR09_DLQT_Cure_ACHRevoke_WO_CheckRCC_</a></td><td rowspan="1">1551171122300</td><td rowspan="1">0</td></tr><tr class="skippedeven"><td><a href="#m54">LOCInit_Draw_Stmt_delinquent_Cure_WO_RCCSchd_WORecoveryfullPmt_RCCSCheduleCancel_</a></td><td rowspan="1">1551171122300</td><td rowspan="1">0</td></tr><tr class="skippedeven"><td><a href="#m55">LOCInit_Draw_Stmt_delinquent_Cure_WO_RCCSchd_WORecoveryfullPmt_VoidWORecovery_RCCSCheduleRevise_IsLoanRCCN</a></td><td rowspan="1">1551171122300</td><td rowspan="1">0</td></tr><tr class="skippedeven"><td><a href="#m56">LocI_Draw_Stmt_Deposit_Return_DLQ_Cure_DEF_WO_CheckEligibilityofRCC</a></td><td rowspan="1">1551171122300</td><td rowspan="1">0</td></tr><tr class="skippedeven"><td><a href="#m57">LocI_Draw_Stmt_Deposit_otherthan1and9Return_DLQ_Cure_DEF_WO_CheckEligibilityofRCC</a></td><td rowspan="1">1551171122300</td><td rowspan="1">0</td></tr><tr><th colspan="4">Default test &#8212; passed</th></tr><tr class="passedeven"><td rowspan="1">Tests.AEA_LOCRegression_batchFile_4</td><td><a href="#m58">DFLTcustomer_RCC7_RCCSchedule__PendingBankruptcy_RCCSchnotgenerated_Sc285</a></td><td rowspan="1">1551169240492</td><td rowspan="1">1438038</td></tr></tbody></table><h2>Default test</h2><h3 id="m0">Tests.AEA_LOCRegression_batchFile_4#getResult</h3><table class="result"><tr class="param"><th>Parameter #1</th></tr><tr class="param stripe"><td>[TestResult name=DFLTcustomer_RCC7_RCCSchedule__PendingBankruptcy_VoidPendingBnkrupt_VerifyRCCSchedule_Sc286 status=FAILURE method=AEA_LOCRegression_batchFile_4.DFLTcustomer_RCC7_RCCSchedule__PendingBankruptcy_VoidPendingBnkrupt_VerifyRCCSchedule_Sc286()[pri:191, instance:Tests.AEA_LOCRegression_batchFile_4@53b32d7] output={null}]</td></tr><tr><th>Exception</th></tr><tr><td><div class="stacktrace">org.openqa.selenium.NoSuchWindowException: Unable to get browser (WARNING: The server did not provide any stacktrace information)
Command duration or timeout: 0 milliseconds
Build info: version: &apos;3.11.0&apos;, revision: &apos;e59cfb3&apos;, time: &apos;2018-03-11T20:33:08.638Z&apos;
System info: host: &apos;QTLSYS2-139&apos;, ip: &apos;192.168.2.139&apos;, os.name: &apos;Windows 7&apos;, os.arch: &apos;amd64&apos;, os.version: &apos;6.1&apos;, java.version: &apos;1.8.0_101&apos;
Driver info: org.openqa.selenium.ie.InternetExplorerDriver
Capabilities {browserAttachTimeout: 0, browserName: internet explorer, cssSelectorsEnabled: true, elementScrollBehavior: 0, enableElementCacheCleanup: true, enablePersistentHover: true, handlesAlerts: true, ie.browserCommandLineSwitches: , ie.ensureCleanSession: false, ie.forceCreateProcessApi: false, ie.usePerProcessProxy: false, ignoreProtectedModeSettings: false, ignoreZoomSetting: false, initialBrowserUrl: http://localhost:45638/, javascriptEnabled: true, nativeEvents: true, platform: WINDOWS, platformName: WINDOWS, requireWindowFocus: false, takesScreenshot: true, unexpectedAlertBehaviour: dismiss, unhandledPromptBehavior: dismiss, version: 11}
Session ID: 75c12724-7af5-4a6d-abc8-58fe90694ccd
	at sun.reflect.NativeConstructorAccessorImpl.newInstance0(Native Method)
	at sun.reflect.NativeConstructorAccessorImpl.newInstance(Unknown Source)
	at sun.reflect.DelegatingConstructorAccessorImpl.newInstance(Unknown Source)
	at java.lang.reflect.Constructor.newInstance(Unknown Source)
	at org.openqa.selenium.remote.ErrorHandler.createThrowable(ErrorHandler.java:214)
	at org.openqa.selenium.remote.ErrorHandler.throwIfResponseFailed(ErrorHandler.java:166)
	at org.openqa.selenium.remote.http.JsonHttpResponseCodec.reconstructValue(JsonHttpResponseCodec.java:40)
	at org.openqa.selenium.remote.http.AbstractHttpResponseCodec.decode(AbstractHttpResponseCodec.java:80)
	at org.openqa.selenium.remote.http.AbstractHttpResponseCodec.decode(AbstractHttpResponseCodec.java:44)
	at org.openqa.selenium.remote.HttpCommandExecutor.execute(HttpCommandExecutor.java:158)
	at org.openqa.selenium.remote.service.DriverCommandExecutor.execute(DriverCommandExecutor.java:83)
	at org.openqa.selenium.remote.RemoteWebDriver.execute(RemoteWebDriver.java:545)
	at org.openqa.selenium.remote.RemoteWebDriver.execute(RemoteWebDriver.java:602)
	at org.openqa.selenium.ie.InternetExplorerDriver.getScreenshotAs(InternetExplorerDriver.java:235)
	at Tests.ExecuteScripts.getScreenhot(ExecuteScripts.java:117)
	at Tests.AEA_LOCRegression_batchFile_4.getResult(AEA_LOCRegression_batchFile_4.java:43126)
	at sun.reflect.NativeMethodAccessorImpl.invoke0(Native Method)
	at sun.reflect.NativeMethodAccessorImpl.invoke(Unknown Source)
	at sun.reflect.DelegatingMethodAccessorImpl.invoke(Unknown Source)
	at java.lang.reflect.Method.invoke(Unknown Source)
	at org.testng.internal.MethodInvocationHelper.invokeMethod(MethodInvocationHelper.java:85)
	at org.testng.internal.Invoker.invokeConfigurationMethod(Invoker.java:510)
	at org.testng.internal.Invoker.invokeConfigurations(Invoker.java:211)
	at org.testng.internal.Invoker.invokeMethod(Invoker.java:703)
	at org.testng.internal.Invoker.invokeTestMethod(Invoker.java:816)
	at org.testng.internal.Invoker.invokeTestMethods(Invoker.java:1124)
	at org.testng.internal.TestMethodWorker.invokeTestMethods(TestMethodWorker.java:125)
	at org.testng.internal.TestMethodWorker.run(TestMethodWorker.java:108)
	at org.testng.TestRunner.privateRun(TestRunner.java:774)
	at org.testng.TestRunner.run(TestRunner.java:624)
	at org.testng.SuiteRunner.runTest(SuiteRunner.java:359)
	at org.testng.SuiteRunner.runSequentially(SuiteRunner.java:354)
	at org.testng.SuiteRunner.privateRun(SuiteRunner.java:312)
	at org.testng.SuiteRunner.run(SuiteRunner.java:261)
	at org.testng.SuiteRunnerWorker.runSuite(SuiteRunnerWorker.java:52)
	at org.testng.SuiteRunnerWorker.run(SuiteRunnerWorker.java:86)
	at org.testng.TestNG.runSuitesSequentially(TestNG.java:1215)
	at org.testng.TestNG.runSuitesLocally(TestNG.java:1140)
	at org.testng.TestNG.run(TestNG.java:1048)
	at org.testng.remote.AbstractRemoteTestNG.run(AbstractRemoteTestNG.java:114)
	at org.testng.remote.RemoteTestNG.initAndRun(RemoteTestNG.java:251)
	at org.testng.remote.RemoteTestNG.main(RemoteTestNG.java:77)
</div></td></tr></table><p class="totop"><a href="#summary">back to summary</a></p><h3 id="m1">Tests.AEA_LOCRegression_batchFile_4#DFLTcustomer_RCC7_RCCSchedule__Bankruptcy_RCCStatusverification_Sc283</h3><table class="result"><tr><th>Exception</th></tr><tr><td><div class="stacktrace">org.openqa.selenium.NoSuchElementException: Unable to find element with xpath == /html/body/form[1]/table/tbody/tr/td/table/tbody/tr/td/table[2]/tbody/tr[7]/td[2]/table/tbody/tr/td/table/tbody/tr[7]/td[11]/input[1] (WARNING: The server did not provide any stacktrace information)
Command duration or timeout: 0 milliseconds
For documentation on this error, please visit: http://seleniumhq.org/exceptions/no_such_element.html
Build info: version: &apos;3.11.0&apos;, revision: &apos;e59cfb3&apos;, time: &apos;2018-03-11T20:33:08.638Z&apos;
System info: host: &apos;QTLSYS2-139&apos;, ip: &apos;192.168.2.139&apos;, os.name: &apos;Windows 7&apos;, os.arch: &apos;amd64&apos;, os.version: &apos;6.1&apos;, java.version: &apos;1.8.0_101&apos;
Driver info: org.openqa.selenium.ie.InternetExplorerDriver
Capabilities {browserAttachTimeout: 0, browserName: internet explorer, cssSelectorsEnabled: true, elementScrollBehavior: 0, enableElementCacheCleanup: true, enablePersistentHover: true, handlesAlerts: true, ie.browserCommandLineSwitches: , ie.ensureCleanSession: false, ie.forceCreateProcessApi: false, ie.usePerProcessProxy: false, ignoreProtectedModeSettings: false, ignoreZoomSetting: false, initialBrowserUrl: http://localhost:39716/, javascriptEnabled: true, nativeEvents: true, platform: WINDOWS, platformName: WINDOWS, requireWindowFocus: false, takesScreenshot: true, unexpectedAlertBehaviour: dismiss, unhandledPromptBehavior: dismiss, version: 11}
Session ID: f9b52952-6ed2-477e-b0e3-da31216943f4
*** Element info: {Using=xpath, value=/html/body/form[1]/table/tbody/tr/td/table/tbody/tr/td/table[2]/tbody/tr[7]/td[2]/table/tbody/tr/td/table/tbody/tr[7]/td[11]/input[1]}
	at sun.reflect.NativeConstructorAccessorImpl.newInstance0(Native Method)
	at sun.reflect.NativeConstructorAccessorImpl.newInstance(Unknown Source)
	at sun.reflect.DelegatingConstructorAccessorImpl.newInstance(Unknown Source)
	at java.lang.reflect.Constructor.newInstance(Unknown Source)
	at org.openqa.selenium.remote.ErrorHandler.createThrowable(ErrorHandler.java:214)
	at org.openqa.selenium.remote.ErrorHandler.throwIfResponseFailed(ErrorHandler.java:166)
	at org.openqa.selenium.remote.http.JsonHttpResponseCodec.reconstructValue(JsonHttpResponseCodec.java:40)
	at org.openqa.selenium.remote.http.AbstractHttpResponseCodec.decode(AbstractHttpResponseCodec.java:80)
	at org.openqa.selenium.remote.http.AbstractHttpResponseCodec.decode(AbstractHttpResponseCodec.java:44)
	at org.openqa.selenium.remote.HttpCommandExecutor.execute(HttpCommandExecutor.java:158)
	at org.openqa.selenium.remote.service.DriverCommandExecutor.execute(DriverCommandExecutor.java:83)
	at org.openqa.selenium.remote.RemoteWebDriver.execute(RemoteWebDriver.java:545)
	at org.openqa.selenium.remote.RemoteWebDriver.findElement(RemoteWebDriver.java:319)
	at org.openqa.selenium.remote.RemoteWebDriver.findElementByXPath(RemoteWebDriver.java:421)
	at org.openqa.selenium.By$ByXPath.findElement(By.java:361)
	at org.openqa.selenium.remote.RemoteWebDriver.findElement(RemoteWebDriver.java:311)
	at Tests.AEA_LOCRegression_batchFile_4.Bankrupt(AEA_LOCRegression_batchFile_4.java:18833)
	at Tests.AEA_LOCRegression_batchFile_4.DFLTcustomer_RCC7_RCCSchedule__Bankruptcy_RCCStatusverification_Sc283(AEA_LOCRegression_batchFile_4.java:40967)
	at sun.reflect.NativeMethodAccessorImpl.invoke0(Native Method)
	at sun.reflect.NativeMethodAccessorImpl.invoke(Unknown Source)
	at sun.reflect.DelegatingMethodAccessorImpl.invoke(Unknown Source)
	at java.lang.reflect.Method.invoke(Unknown Source)
	at org.testng.internal.MethodInvocationHelper.invokeMethod(MethodInvocationHelper.java:85)
	at org.testng.internal.Invoker.invokeMethod(Invoker.java:639)
	at org.testng.internal.Invoker.invokeTestMethod(Invoker.java:816)
	at org.testng.internal.Invoker.invokeTestMethods(Invoker.java:1124)
	at org.testng.internal.TestMethodWorker.invokeTestMethods(TestMethodWorker.java:125)
	at org.testng.internal.TestMethodWorker.run(TestMethodWorker.java:108)
	at org.testng.TestRunner.privateRun(TestRunner.java:774)
	at org.testng.TestRunner.run(TestRunner.java:624)
	at org.testng.SuiteRunner.runTest(SuiteRunner.java:359)
	at org.testng.SuiteRunner.runSequentially(SuiteRunner.java:354)
	at org.testng.SuiteRunner.privateRun(SuiteRunner.java:312)
	at org.testng.SuiteRunner.run(SuiteRunner.java:261)
	at org.testng.SuiteRunnerWorker.runSuite(SuiteRunnerWorker.java:52)
	at org.testng.SuiteRunnerWorker.run(SuiteRunnerWorker.java:86)
	at org.testng.TestNG.runSuitesSequentially(TestNG.java:1215)
	at org.testng.TestNG.runSuitesLocally(TestNG.java:1140)
	at org.testng.TestNG.run(TestNG.java:1048)
	at org.testng.remote.AbstractRemoteTestNG.run(AbstractRemoteTestNG.java:114)
	at org.testng.remote.RemoteTestNG.initAndRun(RemoteTestNG.java:251)
	at org.testng.remote.RemoteTestNG.main(RemoteTestNG.java:77)
</div></td></tr></table><p class="totop"><a href="#summary">back to summary</a></p><h3 id="m2">Tests.AEA_LOCRegression_batchFile_4#DFLTcustomer_RCC7_RCCSchedule__Bankruptcy_VoidBNK_RCCStatusverification_Sc284</h3><table class="result"><tr><th>Exception</th></tr><tr><td><div class="stacktrace">org.openqa.selenium.NoSuchElementException: Unable to find element with xpath == /html/body/form[1]/table/tbody/tr/td/table/tbody/tr/td/table[2]/tbody/tr[7]/td[2]/table/tbody/tr/td/table/tbody/tr[7]/td[11]/input[1] (WARNING: The server did not provide any stacktrace information)
Command duration or timeout: 0 milliseconds
For documentation on this error, please visit: http://seleniumhq.org/exceptions/no_such_element.html
Build info: version: &apos;3.11.0&apos;, revision: &apos;e59cfb3&apos;, time: &apos;2018-03-11T20:33:08.638Z&apos;
System info: host: &apos;QTLSYS2-139&apos;, ip: &apos;192.168.2.139&apos;, os.name: &apos;Windows 7&apos;, os.arch: &apos;amd64&apos;, os.version: &apos;6.1&apos;, java.version: &apos;1.8.0_101&apos;
Driver info: org.openqa.selenium.ie.InternetExplorerDriver
Capabilities {browserAttachTimeout: 0, browserName: internet explorer, cssSelectorsEnabled: true, elementScrollBehavior: 0, enableElementCacheCleanup: true, enablePersistentHover: true, handlesAlerts: true, ie.browserCommandLineSwitches: , ie.ensureCleanSession: false, ie.forceCreateProcessApi: false, ie.usePerProcessProxy: false, ignoreProtectedModeSettings: false, ignoreZoomSetting: false, initialBrowserUrl: http://localhost:8561/, javascriptEnabled: true, nativeEvents: true, platform: WINDOWS, platformName: WINDOWS, requireWindowFocus: false, takesScreenshot: true, unexpectedAlertBehaviour: dismiss, unhandledPromptBehavior: dismiss, version: 11}
Session ID: e82cec51-ff1a-4e14-b885-461fdfd6a454
*** Element info: {Using=xpath, value=/html/body/form[1]/table/tbody/tr/td/table/tbody/tr/td/table[2]/tbody/tr[7]/td[2]/table/tbody/tr/td/table/tbody/tr[7]/td[11]/input[1]}
	at sun.reflect.NativeConstructorAccessorImpl.newInstance0(Native Method)
	at sun.reflect.NativeConstructorAccessorImpl.newInstance(Unknown Source)
	at sun.reflect.DelegatingConstructorAccessorImpl.newInstance(Unknown Source)
	at java.lang.reflect.Constructor.newInstance(Unknown Source)
	at org.openqa.selenium.remote.ErrorHandler.createThrowable(ErrorHandler.java:214)
	at org.openqa.selenium.remote.ErrorHandler.throwIfResponseFailed(ErrorHandler.java:166)
	at org.openqa.selenium.remote.http.JsonHttpResponseCodec.reconstructValue(JsonHttpResponseCodec.java:40)
	at org.openqa.selenium.remote.http.AbstractHttpResponseCodec.decode(AbstractHttpResponseCodec.java:80)
	at org.openqa.selenium.remote.http.AbstractHttpResponseCodec.decode(AbstractHttpResponseCodec.java:44)
	at org.openqa.selenium.remote.HttpCommandExecutor.execute(HttpCommandExecutor.java:158)
	at org.openqa.selenium.remote.service.DriverCommandExecutor.execute(DriverCommandExecutor.java:83)
	at org.openqa.selenium.remote.RemoteWebDriver.execute(RemoteWebDriver.java:545)
	at org.openqa.selenium.remote.RemoteWebDriver.findElement(RemoteWebDriver.java:319)
	at org.openqa.selenium.remote.RemoteWebDriver.findElementByXPath(RemoteWebDriver.java:421)
	at org.openqa.selenium.By$ByXPath.findElement(By.java:361)
	at org.openqa.selenium.remote.RemoteWebDriver.findElement(RemoteWebDriver.java:311)
	at Tests.AEA_LOCRegression_batchFile_4.Bankrupt(AEA_LOCRegression_batchFile_4.java:18833)
	at Tests.AEA_LOCRegression_batchFile_4.DFLTcustomer_RCC7_RCCSchedule__Bankruptcy_VoidBNK_RCCStatusverification_Sc284(AEA_LOCRegression_batchFile_4.java:41038)
	at sun.reflect.NativeMethodAccessorImpl.invoke0(Native Method)
	at sun.reflect.NativeMethodAccessorImpl.invoke(Unknown Source)
	at sun.reflect.DelegatingMethodAccessorImpl.invoke(Unknown Source)
	at java.lang.reflect.Method.invoke(Unknown Source)
	at org.testng.internal.MethodInvocationHelper.invokeMethod(MethodInvocationHelper.java:85)
	at org.testng.internal.Invoker.invokeMethod(Invoker.java:639)
	at org.testng.internal.Invoker.invokeTestMethod(Invoker.java:816)
	at org.testng.internal.Invoker.invokeTestMethods(Invoker.java:1124)
	at org.testng.internal.TestMethodWorker.invokeTestMethods(TestMethodWorker.java:125)
	at org.testng.internal.TestMethodWorker.run(TestMethodWorker.java:108)
	at org.testng.TestRunner.privateRun(TestRunner.java:774)
	at org.testng.TestRunner.run(TestRunner.java:624)
	at org.testng.SuiteRunner.runTest(SuiteRunner.java:359)
	at org.testng.SuiteRunner.runSequentially(SuiteRunner.java:354)
	at org.testng.SuiteRunner.privateRun(SuiteRunner.java:312)
	at org.testng.SuiteRunner.run(SuiteRunner.java:261)
	at org.testng.SuiteRunnerWorker.runSuite(SuiteRunnerWorker.java:52)
	at org.testng.SuiteRunnerWorker.run(SuiteRunnerWorker.java:86)
	at org.testng.TestNG.runSuitesSequentially(TestNG.java:1215)
	at org.testng.TestNG.runSuitesLocally(TestNG.java:1140)
	at org.testng.TestNG.run(TestNG.java:1048)
	at org.testng.remote.AbstractRemoteTestNG.run(AbstractRemoteTestNG.java:114)
	at org.testng.remote.RemoteTestNG.initAndRun(RemoteTestNG.java:251)
	at org.testng.remote.RemoteTestNG.main(RemoteTestNG.java:77)
</div></td></tr></table><p class="totop"><a href="#summary">back to summary</a></p><h3 id="m3">Tests.AEA_LOCRegression_batchFile_4#DFLTcustomer_RCC7_RCCSchedule__PendingBankruptcy_VoidPendingBnkrupt_VerifyRCCSchedule_Sc286</h3><table class="result"><tr><th>Exception</th></tr><tr><td><div class="stacktrace">org.openqa.selenium.NoSuchElementException: Unable to find element with name == storeCode (WARNING: The server did not provide any stacktrace information)
Command duration or timeout: 0 milliseconds
For documentation on this error, please visit: http://seleniumhq.org/exceptions/no_such_element.html
Build info: version: &apos;3.11.0&apos;, revision: &apos;e59cfb3&apos;, time: &apos;2018-03-11T20:33:08.638Z&apos;
System info: host: &apos;QTLSYS2-139&apos;, ip: &apos;192.168.2.139&apos;, os.name: &apos;Windows 7&apos;, os.arch: &apos;amd64&apos;, os.version: &apos;6.1&apos;, java.version: &apos;1.8.0_101&apos;
Driver info: org.openqa.selenium.ie.InternetExplorerDriver
Capabilities {browserAttachTimeout: 0, browserName: internet explorer, cssSelectorsEnabled: true, elementScrollBehavior: 0, enableElementCacheCleanup: true, enablePersistentHover: true, handlesAlerts: true, ie.browserCommandLineSwitches: , ie.ensureCleanSession: false, ie.forceCreateProcessApi: false, ie.usePerProcessProxy: false, ignoreProtectedModeSettings: false, ignoreZoomSetting: false, initialBrowserUrl: http://localhost:45638/, javascriptEnabled: true, nativeEvents: true, platform: WINDOWS, platformName: WINDOWS, requireWindowFocus: false, takesScreenshot: true, unexpectedAlertBehaviour: dismiss, unhandledPromptBehavior: dismiss, version: 11}
Session ID: 75c12724-7af5-4a6d-abc8-58fe90694ccd
*** Element info: {Using=name, value=storeCode}
	at sun.reflect.NativeConstructorAccessorImpl.newInstance0(Native Method)
	at sun.reflect.NativeConstructorAccessorImpl.newInstance(Unknown Source)
	at sun.reflect.DelegatingConstructorAccessorImpl.newInstance(Unknown Source)
	at java.lang.reflect.Constructor.newInstance(Unknown Source)
	at org.openqa.selenium.remote.ErrorHandler.createThrowable(ErrorHandler.java:214)
	at org.openqa.selenium.remote.ErrorHandler.throwIfResponseFailed(ErrorHandler.java:166)
	at org.openqa.selenium.remote.http.JsonHttpResponseCodec.reconstructValue(JsonHttpResponseCodec.java:40)
	at org.openqa.selenium.remote.http.AbstractHttpResponseCodec.decode(AbstractHttpResponseCodec.java:80)
	at org.openqa.selenium.remote.http.AbstractHttpResponseCodec.decode(AbstractHttpResponseCodec.java:44)
	at org.openqa.selenium.remote.HttpCommandExecutor.execute(HttpCommandExecutor.java:158)
	at org.openqa.selenium.remote.service.DriverCommandExecutor.execute(DriverCommandExecutor.java:83)
	at org.openqa.selenium.remote.RemoteWebDriver.execute(RemoteWebDriver.java:545)
	at org.openqa.selenium.remote.RemoteWebDriver.findElement(RemoteWebDriver.java:319)
	at org.openqa.selenium.remote.RemoteWebDriver.findElementByName(RemoteWebDriver.java:397)
	at org.openqa.selenium.By$ByName.findElement(By.java:303)
	at org.openqa.selenium.remote.RemoteWebDriver.findElement(RemoteWebDriver.java:311)
	at Tests.AEA_LOCRegression_batchFile_4.AgeStore(AEA_LOCRegression_batchFile_4.java:1777)
	at Tests.AEA_LOCRegression_batchFile_4.DFLTcustomer_RCC7_RCCSchedule__PendingBankruptcy_VoidPendingBnkrupt_VerifyRCCSchedule_Sc286(AEA_LOCRegression_batchFile_4.java:41157)
	at sun.reflect.NativeMethodAccessorImpl.invoke0(Native Method)
	at sun.reflect.NativeMethodAccessorImpl.invoke(Unknown Source)
	at sun.reflect.DelegatingMethodAccessorImpl.invoke(Unknown Source)
	at java.lang.reflect.Method.invoke(Unknown Source)
	at org.testng.internal.MethodInvocationHelper.invokeMethod(MethodInvocationHelper.java:85)
	at org.testng.internal.Invoker.invokeMethod(Invoker.java:639)
	at org.testng.internal.Invoker.invokeTestMethod(Invoker.java:816)
	at org.testng.internal.Invoker.invokeTestMethods(Invoker.java:1124)
	at org.testng.internal.TestMethodWorker.invokeTestMethods(TestMethodWorker.java:125)
	at org.testng.internal.TestMethodWorker.run(TestMethodWorker.java:108)
	at org.testng.TestRunner.privateRun(TestRunner.java:774)
	at org.testng.TestRunner.run(TestRunner.java:624)
	at org.testng.SuiteRunner.runTest(SuiteRunner.java:359)
	at org.testng.SuiteRunner.runSequentially(SuiteRunner.java:354)
	at org.testng.SuiteRunner.privateRun(SuiteRunner.java:312)
	at org.testng.SuiteRunner.run(SuiteRunner.java:261)
	at org.testng.SuiteRunnerWorker.runSuite(SuiteRunnerWorker.java:52)
	at org.testng.SuiteRunnerWorker.run(SuiteRunnerWorker.java:86)
	at org.testng.TestNG.runSuitesSequentially(TestNG.java:1215)
	at org.testng.TestNG.runSuitesLocally(TestNG.java:1140)
	at org.testng.TestNG.run(TestNG.java:1048)
	at org.testng.remote.AbstractRemoteTestNG.run(AbstractRemoteTestNG.java:114)
	at org.testng.remote.RemoteTestNG.initAndRun(RemoteTestNG.java:251)
	at org.testng.remote.RemoteTestNG.main(RemoteTestNG.java:77)
</div></td></tr></table><p class="totop"><a href="#summary">back to summary</a></p><h3 id="m4">Tests.AEA_LOCRegression_batchFile_4#DFLTcustomer_RCC7_RCCSchedule__lastinstdeposit_Bnkruptwithclear_Sc281</h3><table class="result"><tr><th>Exception</th></tr><tr><td><div class="stacktrace">org.openqa.selenium.NoSuchElementException: Unable to find element with xpath == /html/body/form/table[1]/tbody/tr/td/table/tbody/tr/td/table/tbody/tr[2]/td[2]/table/tbody/tr[2]/td/input (WARNING: The server did not provide any stacktrace information)
Command duration or timeout: 0 milliseconds
For documentation on this error, please visit: http://seleniumhq.org/exceptions/no_such_element.html
Build info: version: &apos;3.11.0&apos;, revision: &apos;e59cfb3&apos;, time: &apos;2018-03-11T20:33:08.638Z&apos;
System info: host: &apos;QTLSYS2-139&apos;, ip: &apos;192.168.2.139&apos;, os.name: &apos;Windows 7&apos;, os.arch: &apos;amd64&apos;, os.version: &apos;6.1&apos;, java.version: &apos;1.8.0_101&apos;
Driver info: org.openqa.selenium.ie.InternetExplorerDriver
Capabilities {browserAttachTimeout: 0, browserName: internet explorer, cssSelectorsEnabled: true, elementScrollBehavior: 0, enableElementCacheCleanup: true, enablePersistentHover: true, handlesAlerts: true, ie.browserCommandLineSwitches: , ie.ensureCleanSession: false, ie.forceCreateProcessApi: false, ie.usePerProcessProxy: false, ignoreProtectedModeSettings: false, ignoreZoomSetting: false, initialBrowserUrl: http://localhost:47617/, javascriptEnabled: true, nativeEvents: true, platform: WINDOWS, platformName: WINDOWS, requireWindowFocus: false, takesScreenshot: true, unexpectedAlertBehaviour: dismiss, unhandledPromptBehavior: dismiss, version: 11}
Session ID: 59fccc11-ab3b-4ec6-8066-8e39710de297
*** Element info: {Using=xpath, value=/html/body/form/table[1]/tbody/tr/td/table/tbody/tr/td/table/tbody/tr[2]/td[2]/table/tbody/tr[2]/td/input}
	at sun.reflect.NativeConstructorAccessorImpl.newInstance0(Native Method)
	at sun.reflect.NativeConstructorAccessorImpl.newInstance(Unknown Source)
	at sun.reflect.DelegatingConstructorAccessorImpl.newInstance(Unknown Source)
	at java.lang.reflect.Constructor.newInstance(Unknown Source)
	at org.openqa.selenium.remote.ErrorHandler.createThrowable(ErrorHandler.java:214)
	at org.openqa.selenium.remote.ErrorHandler.throwIfResponseFailed(ErrorHandler.java:166)
	at org.openqa.selenium.remote.http.JsonHttpResponseCodec.reconstructValue(JsonHttpResponseCodec.java:40)
	at org.openqa.selenium.remote.http.AbstractHttpResponseCodec.decode(AbstractHttpResponseCodec.java:80)
	at org.openqa.selenium.remote.http.AbstractHttpResponseCodec.decode(AbstractHttpResponseCodec.java:44)
	at org.openqa.selenium.remote.HttpCommandExecutor.execute(HttpCommandExecutor.java:158)
	at org.openqa.selenium.remote.service.DriverCommandExecutor.execute(DriverCommandExecutor.java:83)
	at org.openqa.selenium.remote.RemoteWebDriver.execute(RemoteWebDriver.java:545)
	at org.openqa.selenium.remote.RemoteWebDriver.findElement(RemoteWebDriver.java:319)
	at org.openqa.selenium.remote.RemoteWebDriver.findElementByXPath(RemoteWebDriver.java:421)
	at org.openqa.selenium.By$ByXPath.findElement(By.java:361)
	at org.openqa.selenium.remote.RemoteWebDriver.findElement(RemoteWebDriver.java:311)
	at Tests.AEA_LOCRegression_batchFile_4.LOC_PreRCC_Deposit(AEA_LOCRegression_batchFile_4.java:13878)
	at Tests.AEA_LOCRegression_batchFile_4.DFLTcustomer_RCC7_RCCSchedule__lastinstdeposit_Bnkruptwithclear_Sc281(AEA_LOCRegression_batchFile_4.java:40810)
	at sun.reflect.NativeMethodAccessorImpl.invoke0(Native Method)
	at sun.reflect.NativeMethodAccessorImpl.invoke(Unknown Source)
	at sun.reflect.DelegatingMethodAccessorImpl.invoke(Unknown Source)
	at java.lang.reflect.Method.invoke(Unknown Source)
	at org.testng.internal.MethodInvocationHelper.invokeMethod(MethodInvocationHelper.java:85)
	at org.testng.internal.Invoker.invokeMethod(Invoker.java:639)
	at org.testng.internal.Invoker.invokeTestMethod(Invoker.java:816)
	at org.testng.internal.Invoker.invokeTestMethods(Invoker.java:1124)
	at org.testng.internal.TestMethodWorker.invokeTestMethods(TestMethodWorker.java:125)
	at org.testng.internal.TestMethodWorker.run(TestMethodWorker.java:108)
	at org.testng.TestRunner.privateRun(TestRunner.java:774)
	at org.testng.TestRunner.run(TestRunner.java:624)
	at org.testng.SuiteRunner.runTest(SuiteRunner.java:359)
	at org.testng.SuiteRunner.runSequentially(SuiteRunner.java:354)
	at org.testng.SuiteRunner.privateRun(SuiteRunner.java:312)
	at org.testng.SuiteRunner.run(SuiteRunner.java:261)
	at org.testng.SuiteRunnerWorker.runSuite(SuiteRunnerWorker.java:52)
	at org.testng.SuiteRunnerWorker.run(SuiteRunnerWorker.java:86)
	at org.testng.TestNG.runSuitesSequentially(TestNG.java:1215)
	at org.testng.TestNG.runSuitesLocally(TestNG.java:1140)
	at org.testng.TestNG.run(TestNG.java:1048)
	at org.testng.remote.AbstractRemoteTestNG.run(AbstractRemoteTestNG.java:114)
	at org.testng.remote.RemoteTestNG.initAndRun(RemoteTestNG.java:251)
	at org.testng.remote.RemoteTestNG.main(RemoteTestNG.java:77)
</div></td></tr></table><p class="totop"><a href="#summary">back to summary</a></p><h3 id="m5">Tests.AEA_LOCRegression_batchFile_4#DFLTcustomer_RCC7_RCCSchedule__lastinstdeposit_Bnkruptwithclear_VoidBNK_Sc282</h3><table class="result"><tr><th>Exception</th></tr><tr><td><div class="stacktrace">org.openqa.selenium.NoSuchElementException: Unable to find element with xpath == /html/body/form/table[1]/tbody/tr/td/table/tbody/tr/td/table/tbody/tr[2]/td[2]/table/tbody/tr[2]/td/input (WARNING: The server did not provide any stacktrace information)
Command duration or timeout: 0 milliseconds
For documentation on this error, please visit: http://seleniumhq.org/exceptions/no_such_element.html
Build info: version: &apos;3.11.0&apos;, revision: &apos;e59cfb3&apos;, time: &apos;2018-03-11T20:33:08.638Z&apos;
System info: host: &apos;QTLSYS2-139&apos;, ip: &apos;192.168.2.139&apos;, os.name: &apos;Windows 7&apos;, os.arch: &apos;amd64&apos;, os.version: &apos;6.1&apos;, java.version: &apos;1.8.0_101&apos;
Driver info: org.openqa.selenium.ie.InternetExplorerDriver
Capabilities {browserAttachTimeout: 0, browserName: internet explorer, cssSelectorsEnabled: true, elementScrollBehavior: 0, enableElementCacheCleanup: true, enablePersistentHover: true, handlesAlerts: true, ie.browserCommandLineSwitches: , ie.ensureCleanSession: false, ie.forceCreateProcessApi: false, ie.usePerProcessProxy: false, ignoreProtectedModeSettings: false, ignoreZoomSetting: false, initialBrowserUrl: http://localhost:9080/, javascriptEnabled: true, nativeEvents: true, platform: WINDOWS, platformName: WINDOWS, requireWindowFocus: false, takesScreenshot: true, unexpectedAlertBehaviour: dismiss, unhandledPromptBehavior: dismiss, version: 11}
Session ID: 0fbca6b1-1a76-4f3b-bda4-c39e3c89dc2e
*** Element info: {Using=xpath, value=/html/body/form/table[1]/tbody/tr/td/table/tbody/tr/td/table/tbody/tr[2]/td[2]/table/tbody/tr[2]/td/input}
	at sun.reflect.NativeConstructorAccessorImpl.newInstance0(Native Method)
	at sun.reflect.NativeConstructorAccessorImpl.newInstance(Unknown Source)
	at sun.reflect.DelegatingConstructorAccessorImpl.newInstance(Unknown Source)
	at java.lang.reflect.Constructor.newInstance(Unknown Source)
	at org.openqa.selenium.remote.ErrorHandler.createThrowable(ErrorHandler.java:214)
	at org.openqa.selenium.remote.ErrorHandler.throwIfResponseFailed(ErrorHandler.java:166)
	at org.openqa.selenium.remote.http.JsonHttpResponseCodec.reconstructValue(JsonHttpResponseCodec.java:40)
	at org.openqa.selenium.remote.http.AbstractHttpResponseCodec.decode(AbstractHttpResponseCodec.java:80)
	at org.openqa.selenium.remote.http.AbstractHttpResponseCodec.decode(AbstractHttpResponseCodec.java:44)
	at org.openqa.selenium.remote.HttpCommandExecutor.execute(HttpCommandExecutor.java:158)
	at org.openqa.selenium.remote.service.DriverCommandExecutor.execute(DriverCommandExecutor.java:83)
	at org.openqa.selenium.remote.RemoteWebDriver.execute(RemoteWebDriver.java:545)
	at org.openqa.selenium.remote.RemoteWebDriver.findElement(RemoteWebDriver.java:319)
	at org.openqa.selenium.remote.RemoteWebDriver.findElementByXPath(RemoteWebDriver.java:421)
	at org.openqa.selenium.By$ByXPath.findElement(By.java:361)
	at org.openqa.selenium.remote.RemoteWebDriver.findElement(RemoteWebDriver.java:311)
	at Tests.AEA_LOCRegression_batchFile_4.LOC_PreRCC_Deposit(AEA_LOCRegression_batchFile_4.java:13878)
	at Tests.AEA_LOCRegression_batchFile_4.DFLTcustomer_RCC7_RCCSchedule__lastinstdeposit_Bnkruptwithclear_VoidBNK_Sc282(AEA_LOCRegression_batchFile_4.java:40892)
	at sun.reflect.NativeMethodAccessorImpl.invoke0(Native Method)
	at sun.reflect.NativeMethodAccessorImpl.invoke(Unknown Source)
	at sun.reflect.DelegatingMethodAccessorImpl.invoke(Unknown Source)
	at java.lang.reflect.Method.invoke(Unknown Source)
	at org.testng.internal.MethodInvocationHelper.invokeMethod(MethodInvocationHelper.java:85)
	at org.testng.internal.Invoker.invokeMethod(Invoker.java:639)
	at org.testng.internal.Invoker.invokeTestMethod(Invoker.java:816)
	at org.testng.internal.Invoker.invokeTestMethods(Invoker.java:1124)
	at org.testng.internal.TestMethodWorker.invokeTestMethods(TestMethodWorker.java:125)
	at org.testng.internal.TestMethodWorker.run(TestMethodWorker.java:108)
	at org.testng.TestRunner.privateRun(TestRunner.java:774)
	at org.testng.TestRunner.run(TestRunner.java:624)
	at org.testng.SuiteRunner.runTest(SuiteRunner.java:359)
	at org.testng.SuiteRunner.runSequentially(SuiteRunner.java:354)
	at org.testng.SuiteRunner.privateRun(SuiteRunner.java:312)
	at org.testng.SuiteRunner.run(SuiteRunner.java:261)
	at org.testng.SuiteRunnerWorker.runSuite(SuiteRunnerWorker.java:52)
	at org.testng.SuiteRunnerWorker.run(SuiteRunnerWorker.java:86)
	at org.testng.TestNG.runSuitesSequentially(TestNG.java:1215)
	at org.testng.TestNG.runSuitesLocally(TestNG.java:1140)
	at org.testng.TestNG.run(TestNG.java:1048)
	at org.testng.remote.AbstractRemoteTestNG.run(AbstractRemoteTestNG.java:114)
	at org.testng.remote.RemoteTestNG.initAndRun(RemoteTestNG.java:251)
	at org.testng.remote.RemoteTestNG.main(RemoteTestNG.java:77)
</div></td></tr></table><p class="totop"><a href="#summary">back to summary</a></p><h3 id="m6">Tests.AEA_LOCRegression_batchFile_4#closeBrowser</h3><table class="result"></table><p class="totop"><a href="#summary">back to summary</a></p><h3 id="m7">Tests.AEA_LOCRegression_batchFile_4#endReport</h3><table class="result"></table><p class="totop"><a href="#summary">back to summary</a></p><h3 id="m8">Tests.AEA_LOCRegression_batchFile_4#getResult</h3><table class="result"></table><p class="totop"><a href="#summary">back to summary</a></p><h3 id="m9">Tests.AEA_LOCRegression_batchFile_4#getResult</h3><table class="result"></table><p class="totop"><a href="#summary">back to summary</a></p><h3 id="m10">Tests.AEA_LOCRegression_batchFile_4#getResult</h3><table class="result"></table><p class="totop"><a href="#summary">back to summary</a></p><h3 id="m11">Tests.AEA_LOCRegression_batchFile_4#getResult</h3><table class="result"></table><p class="totop"><a href="#summary">back to summary</a></p><h3 id="m12">Tests.AEA_LOCRegression_batchFile_4#getResult</h3><table class="result"></table><p class="totop"><a href="#summary">back to summary</a></p><h3 id="m13">Tests.AEA_LOCRegression_batchFile_4#getResult</h3><table class="result"></table><p class="totop"><a href="#summary">back to summary</a></p><h3 id="m14">Tests.AEA_LOCRegression_batchFile_4#getResult</h3><table class="result"></table><p class="totop"><a href="#summary">back to summary</a></p><h3 id="m15">Tests.AEA_LOCRegression_batchFile_4#getResult</h3><table class="result"></table><p class="totop"><a href="#summary">back to summary</a></p><h3 id="m16">Tests.AEA_LOCRegression_batchFile_4#getResult</h3><table class="result"></table><p class="totop"><a href="#summary">back to summary</a></p><h3 id="m17">Tests.AEA_LOCRegression_batchFile_4#getResult</h3><table class="result"></table><p class="totop"><a href="#summary">back to summary</a></p><h3 id="m18">Tests.AEA_LOCRegression_batchFile_4#getResult</h3><table class="result"></table><p class="totop"><a href="#summary">back to summary</a></p><h3 id="m19">Tests.AEA_LOCRegression_batchFile_4#getResult</h3><table class="result"></table><p class="totop"><a href="#summary">back to summary</a></p><h3 id="m20">Tests.AEA_LOCRegression_batchFile_4#getResult</h3><table class="result"></table><p class="totop"><a href="#summary">back to summary</a></p><h3 id="m21">Tests.AEA_LOCRegression_batchFile_4#getResult</h3><table class="result"></table><p class="totop"><a href="#summary">back to summary</a></p><h3 id="m22">Tests.AEA_LOCRegression_batchFile_4#getResult</h3><table class="result"></table><p class="totop"><a href="#summary">back to summary</a></p><h3 id="m23">Tests.AEA_LOCRegression_batchFile_4#getResult</h3><table class="result"></table><p class="totop"><a href="#summary">back to summary</a></p><h3 id="m24">Tests.AEA_LOCRegression_batchFile_4#getResult</h3><table class="result"></table><p class="totop"><a href="#summary">back to summary</a></p><h3 id="m25">Tests.AEA_LOCRegression_batchFile_4#getResult</h3><table class="result"></table><p class="totop"><a href="#summary">back to summary</a></p><h3 id="m26">Tests.AEA_LOCRegression_batchFile_4#getResult</h3><table class="result"></table><p class="totop"><a href="#summary">back to summary</a></p><h3 id="m27">Tests.AEA_LOCRegression_batchFile_4#getResult</h3><table class="result"></table><p class="totop"><a href="#summary">back to summary</a></p><h3 id="m28">Tests.AEA_LOCRegression_batchFile_4#getResult</h3><table class="result"></table><p class="totop"><a href="#summary">back to summary</a></p><h3 id="m29">Tests.AEA_LOCRegression_batchFile_4#getResult</h3><table class="result"></table><p class="totop"><a href="#summary">back to summary</a></p><h3 id="m30">Tests.AEA_LOCRegression_batchFile_4#getResult</h3><table class="result"></table><p class="totop"><a href="#summary">back to summary</a></p><h3 id="m31">Tests.AEA_LOCRegression_batchFile_4#getResult</h3><table class="result"></table><p class="totop"><a href="#summary">back to summary</a></p><h3 id="m32">Tests.AEA_LOCRegression_batchFile_4#getResult</h3><table class="result"></table><p class="totop"><a href="#summary">back to summary</a></p><h3 id="m33">Tests.AEA_LOCRegression_batchFile_4#DFLTLoan_WO_RCCStatusShouldbeY_ChangeFrequency_RCCSchedule_InstDatesBaseOnNewFrequency_</h3><table class="result"></table><p class="totop"><a href="#summary">back to summary</a></p><h3 id="m34">Tests.AEA_LOCRegression_batchFile_4#DFLTLoan_WO_RCCStatusShouldbeY_ChangeFrequency_RCCSchedule_InstDatesBaseOnOldFrequency_</h3><table class="result"></table><p class="totop"><a href="#summary">back to summary</a></p><h3 id="m35">Tests.AEA_LOCRegression_batchFile_4#DFLT_WO_RccSChedule_RccRevoke_Epp_voidEpp_RccAuthorzation_CustomershouldeligibleforRCCnow</h3><table class="result"></table><p class="totop"><a href="#summary">back to summary</a></p><h3 id="m36">Tests.AEA_LOCRegression_batchFile_4#DeflutLoan__GenerateRcc_PendingBNK_DepositNotBeProcessed</h3><table class="result"></table><p class="totop"><a href="#summary">back to summary</a></p><h3 id="m37">Tests.AEA_LOCRegression_batchFile_4#DeflutLoan__GenerateRcc_PendingBNK_VoidPendingBNK_DepositNotBeProcessed</h3><table class="result"></table><p class="totop"><a href="#summary">back to summary</a></p><h3 id="m38">Tests.AEA_LOCRegression_batchFile_4#LOCI_Draw_Stmnt_Dep_Return_RepDep_ActMilitary_RepresrecCancel_</h3><table class="result"></table><p class="totop"><a href="#summary">back to summary</a></p><h3 id="m39">Tests.AEA_LOCRegression_batchFile_4#LOCI_Draw_Stmt_DLQ_Cure_Default_WO_1stinst_return_2ndinst_Return_3rdinst_Return</h3><table class="result"></table><p class="totop"><a href="#summary">back to summary</a></p><h3 id="m40">Tests.AEA_LOCRegression_batchFile_4#LOCI_Draw_Stmt_DLQ_Cure_Default_WO_DepositLastInstall_LoanshouldnotBeClosed</h3><table class="result"></table><p class="totop"><a href="#summary">back to summary</a></p><h3 id="m41">Tests.AEA_LOCRegression_batchFile_4#LOCI_Draw_Stmt_DLQ_Cure_Default_WO_DepositandClearLastInstall_LoanshouldBeClosed</h3><table class="result"></table><p class="totop"><a href="#summary">back to summary</a></p><h3 id="m42">Tests.AEA_LOCRegression_batchFile_4#LOCI_Draw_Stmt_DLQ_Cure_Default_WO_DepositandReturnLastInstall_Loanshouldbeupdatedtopreviousstatusandscheduleshouldberevised</h3><table class="result"></table><p class="totop"><a href="#summary">back to summary</a></p><h3 id="m43">Tests.AEA_LOCRegression_batchFile_4#LOCI_Draw_Stmt_Dlqt_Cure_WO_RCCSchdl_1stInstDep_1stInstRet</h3><table class="result"></table><p class="totop"><a href="#summary">back to summary</a></p><h3 id="m44">Tests.AEA_LOCRegression_batchFile_4#LOCI_Draw_Stmt_Dlqt_Cure_WO_RCCSchdl_1stInstDep_clear_2ndInstDep_1stInstRet</h3><table class="result"></table><p class="totop"><a href="#summary">back to summary</a></p><h3 id="m45">Tests.AEA_LOCRegression_batchFile_4#LOCI_Draw_Stmt_Dlqt_Cure_WO_RCCSchdl_1stInstDep_clear_NextInstPartPmt_RCCScdlReviseBalAmt_</h3><table class="result"></table><p class="totop"><a href="#summary">back to summary</a></p><h3 id="m46">Tests.AEA_LOCRegression_batchFile_4#LOCI_Draw_Stmt_delinquent_Cure_DFLT_WO_RCCScdl_RCCRev_RCCCancelled_</h3><table class="result"></table><p class="totop"><a href="#summary">back to summary</a></p><h3 id="m47">Tests.AEA_LOCRegression_batchFile_4#LOCI_Draw_Stmt_delinquent_Cure_WO_RCCScdl_RCCRevoke_Authorizeafter1month_RCCRevise</h3><table class="result"></table><p class="totop"><a href="#summary">back to summary</a></p><h3 id="m48">Tests.AEA_LOCRegression_batchFile_4#LOCI_Draw_stmt_Deposit_ReturnwithR01_ACTM_ACTMEnd_RepDepRecordchouldpickforDeposit_Sc314</h3><table class="result"></table><p class="totop"><a href="#summary">back to summary</a></p><h3 id="m49">Tests.AEA_LOCRegression_batchFile_4#LOCI_Draw_stmt_Deposit_ReturnwithR01_DLQ_Cure_WO_PendingBNK_Deceased_EligibilityRCC_Sc291</h3><table class="result"></table><p class="totop"><a href="#summary">back to summary</a></p><h3 id="m50">Tests.AEA_LOCRegression_batchFile_4#LOCI_WKY_Bim_Bi_Draw_Stmt_Dep_Return_PartialPayment_RepDep</h3><table class="result"></table><p class="totop"><a href="#summary">back to summary</a></p><h3 id="m51">Tests.AEA_LOCRegression_batchFile_4#LOCI_wky_Bim_Bi_Draw_Stmt_Dep_Return_RepDep</h3><table class="result"></table><p class="totop"><a href="#summary">back to summary</a></p><h3 id="m52">Tests.AEA_LOCRegression_batchFile_4#LOCI_wky_Bim_Bi_Draw_Stmt_Dep_Return_RepDep_Clear_Return</h3><table class="result"></table><p class="totop"><a href="#summary">back to summary</a></p><h3 id="m53">Tests.AEA_LOCRegression_batchFile_4#LOCInit_Draw_Stmt_Dep_ReturnR01andR09_DLQT_Cure_ACHRevoke_WO_CheckRCC_</h3><table class="result"></table><p class="totop"><a href="#summary">back to summary</a></p><h3 id="m54">Tests.AEA_LOCRegression_batchFile_4#LOCInit_Draw_Stmt_delinquent_Cure_WO_RCCSchd_WORecoveryfullPmt_RCCSCheduleCancel_</h3><table class="result"></table><p class="totop"><a href="#summary">back to summary</a></p><h3 id="m55">Tests.AEA_LOCRegression_batchFile_4#LOCInit_Draw_Stmt_delinquent_Cure_WO_RCCSchd_WORecoveryfullPmt_VoidWORecovery_RCCSCheduleRevise_IsLoanRCCN</h3><table class="result"></table><p class="totop"><a href="#summary">back to summary</a></p><h3 id="m56">Tests.AEA_LOCRegression_batchFile_4#LocI_Draw_Stmt_Deposit_Return_DLQ_Cure_DEF_WO_CheckEligibilityofRCC</h3><table class="result"></table><p class="totop"><a href="#summary">back to summary</a></p><h3 id="m57">Tests.AEA_LOCRegression_batchFile_4#LocI_Draw_Stmt_Deposit_otherthan1and9Return_DLQ_Cure_DEF_WO_CheckEligibilityofRCC</h3><table class="result"></table><p class="totop"><a href="#summary">back to summary</a></p><h3 id="m58">Tests.AEA_LOCRegression_batchFile_4#DFLTcustomer_RCC7_RCCSchedule__PendingBankruptcy_RCCSchnotgenerated_Sc285</h3><table class="result"></table><p class="totop"><a href="#summary">back to summary</a></p></body></html>