<?xml version="1.0" encoding="UTF-8"?>
<!-- Generated by org.testng.reporters.JUnitXMLReporter -->
<testsuite hostname="qtlsys2-139" name="Default test" tests="31" failures="5" timestamp="26 Feb 2019 08:52:02 GMT" time="8086.121" errors="0">
  <testcase name="@AfterMethod getResult" time="0.0" classname="Tests.AEA_LOCRegression_batchFile_4">
    <failure type="org.openqa.selenium.NoSuchWindowException" message="Unable to get browser (WARNING: The server did not provide any stacktrace information)
Command duration or timeout: 0 milliseconds
Build info: version: &amp;apos;3.11.0&amp;apos;, revision: &amp;apos;e59cfb3&amp;apos;, time: &amp;apos;2018-03-11T20:33:08.638Z&amp;apos;
System info: host: &amp;apos;QTLSYS2-139&amp;apos;, ip: &amp;apos;192.168.2.139&amp;apos;, os.name: &amp;apos;Windows 7&amp;apos;, os.arch: &amp;apos;amd64&amp;apos;, os.version: &amp;apos;6.1&amp;apos;, java.version: &amp;apos;1.8.0_101&amp;apos;
Driver info: org.openqa.selenium.ie.InternetExplorerDriver
Capabilities {browserAttachTimeout: 0, browserName: internet explorer, cssSelectorsEnabled: true, elementScrollBehavior: 0, enableElementCacheCleanup: true, enablePersistentHover: true, handlesAlerts: true, ie.browserCommandLineSwitches: , ie.ensureCleanSession: false, ie.forceCreateProcessApi: false, ie.usePerProcessProxy: false, ignoreProtectedModeSettings: false, ignoreZoomSetting: false, initialBrowserUrl: http://localhost:45638/, javascriptEnabled: true, nativeEvents: true, platform: WINDOWS, platformName: WINDOWS, requireWindowFocus: false, takesScreenshot: true, unexpectedAlertBehaviour: dismiss, unhandledPromptBehavior: dismiss, version: 11}
Session ID: 75c12724-7af5-4a6d-abc8-58fe90694ccd">
      <![CDATA[org.openqa.selenium.NoSuchWindowException: Unable to get browser (WARNING: The server did not provide any stacktrace information)
Command duration or timeout: 0 milliseconds
Build info: version: '3.11.0', revision: 'e59cfb3', time: '2018-03-11T20:33:08.638Z'
System info: host: 'QTLSYS2-139', ip: '192.168.2.139', os.name: 'Windows 7', os.arch: 'amd64', os.version: '6.1', java.version: '1.8.0_101'
Driver info: org.openqa.selenium.ie.InternetExplorerDriver
Capabilities {browserAttachTimeout: 0, browserName: internet explorer, cssSelectorsEnabled: true, elementScrollBehavior: 0, enableElementCacheCleanup: true, enablePersistentHover: true, handlesAlerts: true, ie.browserCommandLineSwitches: , ie.ensureCleanSession: false, ie.forceCreateProcessApi: false, ie.usePerProcessProxy: false, ignoreProtectedModeSettings: false, ignoreZoomSetting: false, initialBrowserUrl: http://localhost:45638/, javascriptEnabled: true, nativeEvents: true, platform: WINDOWS, platformName: WINDOWS, requireWindowFocus: false, takesScreenshot: true, unexpectedAlertBehaviour: dismiss, unhandledPromptBehavior: dismiss, version: 11}
Session ID: 75c12724-7af5-4a6d-abc8-58fe90694ccd
	at sun.reflect.NativeConstructorAccessorImpl.newInstance0(Native Method)
	at sun.reflect.NativeConstructorAccessorImpl.newInstance(Unknown Source)
	at sun.reflect.DelegatingConstructorAccessorImpl.newInstance(Unknown Source)
	at java.lang.reflect.Constructor.newInstance(Unknown Source)
	at org.openqa.selenium.remote.ErrorHandler.createThrowable(ErrorHandler.java:214)
	at org.openqa.selenium.remote.ErrorHandler.throwIfResponseFailed(ErrorHandler.java:166)
	at org.openqa.selenium.remote.http.JsonHttpResponseCodec.reconstructValue(JsonHttpResponseCodec.java:40)
	at org.openqa.selenium.remote.http.AbstractHttpResponseCodec.decode(AbstractHttpResponseCodec.java:80)
	at org.openqa.selenium.remote.http.AbstractHttpResponseCodec.decode(AbstractHttpResponseCodec.java:44)
	at org.openqa.selenium.remote.HttpCommandExecutor.execute(HttpCommandExecutor.java:158)
	at org.openqa.selenium.remote.service.DriverCommandExecutor.execute(DriverCommandExecutor.java:83)
	at org.openqa.selenium.remote.RemoteWebDriver.execute(RemoteWebDriver.java:545)
	at org.openqa.selenium.remote.RemoteWebDriver.execute(RemoteWebDriver.java:602)
	at org.openqa.selenium.ie.InternetExplorerDriver.getScreenshotAs(InternetExplorerDriver.java:235)
	at Tests.ExecuteScripts.getScreenhot(ExecuteScripts.java:117)
	at Tests.AEA_LOCRegression_batchFile_4.getResult(AEA_LOCRegression_batchFile_4.java:43126)
	at sun.reflect.NativeMethodAccessorImpl.invoke0(Native Method)
	at sun.reflect.NativeMethodAccessorImpl.invoke(Unknown Source)
	at sun.reflect.DelegatingMethodAccessorImpl.invoke(Unknown Source)
	at java.lang.reflect.Method.invoke(Unknown Source)
	at org.testng.internal.MethodInvocationHelper.invokeMethod(MethodInvocationHelper.java:85)
	at org.testng.internal.Invoker.invokeConfigurationMethod(Invoker.java:510)
	at org.testng.internal.Invoker.invokeConfigurations(Invoker.java:211)
	at org.testng.internal.Invoker.invokeMethod(Invoker.java:703)
	at org.testng.internal.Invoker.invokeTestMethod(Invoker.java:816)
	at org.testng.internal.Invoker.invokeTestMethods(Invoker.java:1124)
	at org.testng.internal.TestMethodWorker.invokeTestMethods(TestMethodWorker.java:125)
	at org.testng.internal.TestMethodWorker.run(TestMethodWorker.java:108)
	at org.testng.TestRunner.privateRun(TestRunner.java:774)
	at org.testng.TestRunner.run(TestRunner.java:624)
	at org.testng.SuiteRunner.runTest(SuiteRunner.java:359)
	at org.testng.SuiteRunner.runSequentially(SuiteRunner.java:354)
	at org.testng.SuiteRunner.privateRun(SuiteRunner.java:312)
	at org.testng.SuiteRunner.run(SuiteRunner.java:261)
	at org.testng.SuiteRunnerWorker.runSuite(SuiteRunnerWorker.java:52)
	at org.testng.SuiteRunnerWorker.run(SuiteRunnerWorker.java:86)
	at org.testng.TestNG.runSuitesSequentially(TestNG.java:1215)
	at org.testng.TestNG.runSuitesLocally(TestNG.java:1140)
	at org.testng.TestNG.run(TestNG.java:1048)
	at org.testng.remote.AbstractRemoteTestNG.run(AbstractRemoteTestNG.java:114)
	at org.testng.remote.RemoteTestNG.initAndRun(RemoteTestNG.java:251)
	at org.testng.remote.RemoteTestNG.main(RemoteTestNG.java:77)
]]>
    </failure>
  </testcase> <!-- @AfterMethod getResult -->
  <testcase name="@AfterMethod getResult" time="0.0" classname="Tests.AEA_LOCRegression_batchFile_4">
    <skipped/>
  </testcase> <!-- @AfterMethod getResult -->
  <testcase name="@AfterMethod getResult" time="0.0" classname="Tests.AEA_LOCRegression_batchFile_4">
    <skipped/>
  </testcase> <!-- @AfterMethod getResult -->
  <testcase name="@AfterMethod getResult" time="0.0" classname="Tests.AEA_LOCRegression_batchFile_4">
    <skipped/>
  </testcase> <!-- @AfterMethod getResult -->
  <testcase name="@AfterMethod getResult" time="0.0" classname="Tests.AEA_LOCRegression_batchFile_4">
    <skipped/>
  </testcase> <!-- @AfterMethod getResult -->
  <testcase name="@AfterMethod getResult" time="0.0" classname="Tests.AEA_LOCRegression_batchFile_4">
    <skipped/>
  </testcase> <!-- @AfterMethod getResult -->
  <testcase name="@AfterMethod getResult" time="0.0" classname="Tests.AEA_LOCRegression_batchFile_4">
    <skipped/>
  </testcase> <!-- @AfterMethod getResult -->
  <testcase name="@AfterMethod getResult" time="0.0" classname="Tests.AEA_LOCRegression_batchFile_4">
    <skipped/>
  </testcase> <!-- @AfterMethod getResult -->
  <testcase name="@AfterMethod getResult" time="0.0" classname="Tests.AEA_LOCRegression_batchFile_4">
    <skipped/>
  </testcase> <!-- @AfterMethod getResult -->
  <testcase name="@AfterMethod getResult" time="0.0" classname="Tests.AEA_LOCRegression_batchFile_4">
    <skipped/>
  </testcase> <!-- @AfterMethod getResult -->
  <testcase name="@AfterMethod getResult" time="0.0" classname="Tests.AEA_LOCRegression_batchFile_4">
    <skipped/>
  </testcase> <!-- @AfterMethod getResult -->
  <testcase name="@AfterMethod getResult" time="0.0" classname="Tests.AEA_LOCRegression_batchFile_4">
    <skipped/>
  </testcase> <!-- @AfterMethod getResult -->
  <testcase name="@AfterMethod getResult" time="0.0" classname="Tests.AEA_LOCRegression_batchFile_4">
    <skipped/>
  </testcase> <!-- @AfterMethod getResult -->
  <testcase name="@AfterMethod getResult" time="0.0" classname="Tests.AEA_LOCRegression_batchFile_4">
    <skipped/>
  </testcase> <!-- @AfterMethod getResult -->
  <testcase name="@AfterMethod getResult" time="0.0" classname="Tests.AEA_LOCRegression_batchFile_4">
    <skipped/>
  </testcase> <!-- @AfterMethod getResult -->
  <testcase name="@AfterMethod getResult" time="0.0" classname="Tests.AEA_LOCRegression_batchFile_4">
    <skipped/>
  </testcase> <!-- @AfterMethod getResult -->
  <testcase name="@AfterMethod getResult" time="0.0" classname="Tests.AEA_LOCRegression_batchFile_4">
    <skipped/>
  </testcase> <!-- @AfterMethod getResult -->
  <testcase name="@AfterMethod getResult" time="0.0" classname="Tests.AEA_LOCRegression_batchFile_4">
    <skipped/>
  </testcase> <!-- @AfterMethod getResult -->
  <testcase name="@AfterMethod getResult" time="0.0" classname="Tests.AEA_LOCRegression_batchFile_4">
    <skipped/>
  </testcase> <!-- @AfterMethod getResult -->
  <testcase name="@AfterMethod getResult" time="0.0" classname="Tests.AEA_LOCRegression_batchFile_4">
    <skipped/>
  </testcase> <!-- @AfterMethod getResult -->
  <testcase name="@AfterMethod getResult" time="0.0" classname="Tests.AEA_LOCRegression_batchFile_4">
    <skipped/>
  </testcase> <!-- @AfterMethod getResult -->
  <testcase name="@AfterMethod getResult" time="0.0" classname="Tests.AEA_LOCRegression_batchFile_4">
    <skipped/>
  </testcase> <!-- @AfterMethod getResult -->
  <testcase name="@AfterMethod getResult" time="0.0" classname="Tests.AEA_LOCRegression_batchFile_4">
    <skipped/>
  </testcase> <!-- @AfterMethod getResult -->
  <testcase name="@AfterMethod getResult" time="0.0" classname="Tests.AEA_LOCRegression_batchFile_4">
    <skipped/>
  </testcase> <!-- @AfterMethod getResult -->
  <testcase name="@AfterMethod getResult" time="0.0" classname="Tests.AEA_LOCRegression_batchFile_4">
    <skipped/>
  </testcase> <!-- @AfterMethod getResult -->
  <testcase name="@AfterMethod getResult" time="0.0" classname="Tests.AEA_LOCRegression_batchFile_4">
    <skipped/>
  </testcase> <!-- @AfterMethod getResult -->
  <testcase name="@AfterClass closeBrowser" time="0.0" classname="Tests.AEA_LOCRegression_batchFile_4">
    <skipped/>
  </testcase> <!-- @AfterClass closeBrowser -->
  <testcase name="@AfterTest endReport" time="0.0" classname="Tests.AEA_LOCRegression_batchFile_4">
    <skipped/>
  </testcase> <!-- @AfterTest endReport -->
  <testcase name="DFLTcustomer_RCC7_RCCSchedule__lastinstdeposit_Bnkruptwithclear_Sc281" time="1635.721" classname="Tests.AEA_LOCRegression_batchFile_4">
    <failure type="org.openqa.selenium.NoSuchElementException" message="Unable to find element with xpath == /html/body/form/table[1]/tbody/tr/td/table/tbody/tr/td/table/tbody/tr[2]/td[2]/table/tbody/tr[2]/td/input (WARNING: The server did not provide any stacktrace information)
Command duration or timeout: 0 milliseconds
For documentation on this error, please visit: http://seleniumhq.org/exceptions/no_such_element.html
Build info: version: &amp;apos;3.11.0&amp;apos;, revision: &amp;apos;e59cfb3&amp;apos;, time: &amp;apos;2018-03-11T20:33:08.638Z&amp;apos;
System info: host: &amp;apos;QTLSYS2-139&amp;apos;, ip: &amp;apos;192.168.2.139&amp;apos;, os.name: &amp;apos;Windows 7&amp;apos;, os.arch: &amp;apos;amd64&amp;apos;, os.version: &amp;apos;6.1&amp;apos;, java.version: &amp;apos;1.8.0_101&amp;apos;
Driver info: org.openqa.selenium.ie.InternetExplorerDriver
Capabilities {browserAttachTimeout: 0, browserName: internet explorer, cssSelectorsEnabled: true, elementScrollBehavior: 0, enableElementCacheCleanup: true, enablePersistentHover: true, handlesAlerts: true, ie.browserCommandLineSwitches: , ie.ensureCleanSession: false, ie.forceCreateProcessApi: false, ie.usePerProcessProxy: false, ignoreProtectedModeSettings: false, ignoreZoomSetting: false, initialBrowserUrl: http://localhost:47617/, javascriptEnabled: true, nativeEvents: true, platform: WINDOWS, platformName: WINDOWS, requireWindowFocus: false, takesScreenshot: true, unexpectedAlertBehaviour: dismiss, unhandledPromptBehavior: dismiss, version: 11}
Session ID: 59fccc11-ab3b-4ec6-8066-8e39710de297
*** Element info: {Using=xpath, value=/html/body/form/table[1]/tbody/tr/td/table/tbody/tr/td/table/tbody/tr[2]/td[2]/table/tbody/tr[2]/td/input}">
      <![CDATA[org.openqa.selenium.NoSuchElementException: Unable to find element with xpath == /html/body/form/table[1]/tbody/tr/td/table/tbody/tr/td/table/tbody/tr[2]/td[2]/table/tbody/tr[2]/td/input (WARNING: The server did not provide any stacktrace information)
Command duration or timeout: 0 milliseconds
For documentation on this error, please visit: http://seleniumhq.org/exceptions/no_such_element.html
Build info: version: '3.11.0', revision: 'e59cfb3', time: '2018-03-11T20:33:08.638Z'
System info: host: 'QTLSYS2-139', ip: '192.168.2.139', os.name: 'Windows 7', os.arch: 'amd64', os.version: '6.1', java.version: '1.8.0_101'
Driver info: org.openqa.selenium.ie.InternetExplorerDriver
Capabilities {browserAttachTimeout: 0, browserName: internet explorer, cssSelectorsEnabled: true, elementScrollBehavior: 0, enableElementCacheCleanup: true, enablePersistentHover: true, handlesAlerts: true, ie.browserCommandLineSwitches: , ie.ensureCleanSession: false, ie.forceCreateProcessApi: false, ie.usePerProcessProxy: false, ignoreProtectedModeSettings: false, ignoreZoomSetting: false, initialBrowserUrl: http://localhost:47617/, javascriptEnabled: true, nativeEvents: true, platform: WINDOWS, platformName: WINDOWS, requireWindowFocus: false, takesScreenshot: true, unexpectedAlertBehaviour: dismiss, unhandledPromptBehavior: dismiss, version: 11}
Session ID: 59fccc11-ab3b-4ec6-8066-8e39710de297
*** Element info: {Using=xpath, value=/html/body/form/table[1]/tbody/tr/td/table/tbody/tr/td/table/tbody/tr[2]/td[2]/table/tbody/tr[2]/td/input}
	at sun.reflect.NativeConstructorAccessorImpl.newInstance0(Native Method)
	at sun.reflect.NativeConstructorAccessorImpl.newInstance(Unknown Source)
	at sun.reflect.DelegatingConstructorAccessorImpl.newInstance(Unknown Source)
	at java.lang.reflect.Constructor.newInstance(Unknown Source)
	at org.openqa.selenium.remote.ErrorHandler.createThrowable(ErrorHandler.java:214)
	at org.openqa.selenium.remote.ErrorHandler.throwIfResponseFailed(ErrorHandler.java:166)
	at org.openqa.selenium.remote.http.JsonHttpResponseCodec.reconstructValue(JsonHttpResponseCodec.java:40)
	at org.openqa.selenium.remote.http.AbstractHttpResponseCodec.decode(AbstractHttpResponseCodec.java:80)
	at org.openqa.selenium.remote.http.AbstractHttpResponseCodec.decode(AbstractHttpResponseCodec.java:44)
	at org.openqa.selenium.remote.HttpCommandExecutor.execute(HttpCommandExecutor.java:158)
	at org.openqa.selenium.remote.service.DriverCommandExecutor.execute(DriverCommandExecutor.java:83)
	at org.openqa.selenium.remote.RemoteWebDriver.execute(RemoteWebDriver.java:545)
	at org.openqa.selenium.remote.RemoteWebDriver.findElement(RemoteWebDriver.java:319)
	at org.openqa.selenium.remote.RemoteWebDriver.findElementByXPath(RemoteWebDriver.java:421)
	at org.openqa.selenium.By$ByXPath.findElement(By.java:361)
	at org.openqa.selenium.remote.RemoteWebDriver.findElement(RemoteWebDriver.java:311)
	at Tests.AEA_LOCRegression_batchFile_4.LOC_PreRCC_Deposit(AEA_LOCRegression_batchFile_4.java:13878)
	at Tests.AEA_LOCRegression_batchFile_4.DFLTcustomer_RCC7_RCCSchedule__lastinstdeposit_Bnkruptwithclear_Sc281(AEA_LOCRegression_batchFile_4.java:40810)
	at sun.reflect.NativeMethodAccessorImpl.invoke0(Native Method)
	at sun.reflect.NativeMethodAccessorImpl.invoke(Unknown Source)
	at sun.reflect.DelegatingMethodAccessorImpl.invoke(Unknown Source)
	at java.lang.reflect.Method.invoke(Unknown Source)
	at org.testng.internal.MethodInvocationHelper.invokeMethod(MethodInvocationHelper.java:85)
	at org.testng.internal.Invoker.invokeMethod(Invoker.java:639)
	at org.testng.internal.Invoker.invokeTestMethod(Invoker.java:816)
	at org.testng.internal.Invoker.invokeTestMethods(Invoker.java:1124)
	at org.testng.internal.TestMethodWorker.invokeTestMethods(TestMethodWorker.java:125)
	at org.testng.internal.TestMethodWorker.run(TestMethodWorker.java:108)
	at org.testng.TestRunner.privateRun(TestRunner.java:774)
	at org.testng.TestRunner.run(TestRunner.java:624)
	at org.testng.SuiteRunner.runTest(SuiteRunner.java:359)
	at org.testng.SuiteRunner.runSequentially(SuiteRunner.java:354)
	at org.testng.SuiteRunner.privateRun(SuiteRunner.java:312)
	at org.testng.SuiteRunner.run(SuiteRunner.java:261)
	at org.testng.SuiteRunnerWorker.runSuite(SuiteRunnerWorker.java:52)
	at org.testng.SuiteRunnerWorker.run(SuiteRunnerWorker.java:86)
	at org.testng.TestNG.runSuitesSequentially(TestNG.java:1215)
	at org.testng.TestNG.runSuitesLocally(TestNG.java:1140)
	at org.testng.TestNG.run(TestNG.java:1048)
	at org.testng.remote.AbstractRemoteTestNG.run(AbstractRemoteTestNG.java:114)
	at org.testng.remote.RemoteTestNG.initAndRun(RemoteTestNG.java:251)
	at org.testng.remote.RemoteTestNG.main(RemoteTestNG.java:77)
]]>
    </failure>
  </testcase> <!-- DFLTcustomer_RCC7_RCCSchedule__lastinstdeposit_Bnkruptwithclear_Sc281 -->
  <testcase name="DFLTcustomer_RCC7_RCCSchedule__lastinstdeposit_Bnkruptwithclear_VoidBNK_Sc282" time="1660.265" classname="Tests.AEA_LOCRegression_batchFile_4">
    <failure type="org.openqa.selenium.NoSuchElementException" message="Unable to find element with xpath == /html/body/form/table[1]/tbody/tr/td/table/tbody/tr/td/table/tbody/tr[2]/td[2]/table/tbody/tr[2]/td/input (WARNING: The server did not provide any stacktrace information)
Command duration or timeout: 0 milliseconds
For documentation on this error, please visit: http://seleniumhq.org/exceptions/no_such_element.html
Build info: version: &amp;apos;3.11.0&amp;apos;, revision: &amp;apos;e59cfb3&amp;apos;, time: &amp;apos;2018-03-11T20:33:08.638Z&amp;apos;
System info: host: &amp;apos;QTLSYS2-139&amp;apos;, ip: &amp;apos;192.168.2.139&amp;apos;, os.name: &amp;apos;Windows 7&amp;apos;, os.arch: &amp;apos;amd64&amp;apos;, os.version: &amp;apos;6.1&amp;apos;, java.version: &amp;apos;1.8.0_101&amp;apos;
Driver info: org.openqa.selenium.ie.InternetExplorerDriver
Capabilities {browserAttachTimeout: 0, browserName: internet explorer, cssSelectorsEnabled: true, elementScrollBehavior: 0, enableElementCacheCleanup: true, enablePersistentHover: true, handlesAlerts: true, ie.browserCommandLineSwitches: , ie.ensureCleanSession: false, ie.forceCreateProcessApi: false, ie.usePerProcessProxy: false, ignoreProtectedModeSettings: false, ignoreZoomSetting: false, initialBrowserUrl: http://localhost:9080/, javascriptEnabled: true, nativeEvents: true, platform: WINDOWS, platformName: WINDOWS, requireWindowFocus: false, takesScreenshot: true, unexpectedAlertBehaviour: dismiss, unhandledPromptBehavior: dismiss, version: 11}
Session ID: 0fbca6b1-1a76-4f3b-bda4-c39e3c89dc2e
*** Element info: {Using=xpath, value=/html/body/form/table[1]/tbody/tr/td/table/tbody/tr/td/table/tbody/tr[2]/td[2]/table/tbody/tr[2]/td/input}">
      <![CDATA[org.openqa.selenium.NoSuchElementException: Unable to find element with xpath == /html/body/form/table[1]/tbody/tr/td/table/tbody/tr/td/table/tbody/tr[2]/td[2]/table/tbody/tr[2]/td/input (WARNING: The server did not provide any stacktrace information)
Command duration or timeout: 0 milliseconds
For documentation on this error, please visit: http://seleniumhq.org/exceptions/no_such_element.html
Build info: version: '3.11.0', revision: 'e59cfb3', time: '2018-03-11T20:33:08.638Z'
System info: host: 'QTLSYS2-139', ip: '192.168.2.139', os.name: 'Windows 7', os.arch: 'amd64', os.version: '6.1', java.version: '1.8.0_101'
Driver info: org.openqa.selenium.ie.InternetExplorerDriver
Capabilities {browserAttachTimeout: 0, browserName: internet explorer, cssSelectorsEnabled: true, elementScrollBehavior: 0, enableElementCacheCleanup: true, enablePersistentHover: true, handlesAlerts: true, ie.browserCommandLineSwitches: , ie.ensureCleanSession: false, ie.forceCreateProcessApi: false, ie.usePerProcessProxy: false, ignoreProtectedModeSettings: false, ignoreZoomSetting: false, initialBrowserUrl: http://localhost:9080/, javascriptEnabled: true, nativeEvents: true, platform: WINDOWS, platformName: WINDOWS, requireWindowFocus: false, takesScreenshot: true, unexpectedAlertBehaviour: dismiss, unhandledPromptBehavior: dismiss, version: 11}
Session ID: 0fbca6b1-1a76-4f3b-bda4-c39e3c89dc2e
*** Element info: {Using=xpath, value=/html/body/form/table[1]/tbody/tr/td/table/tbody/tr/td/table/tbody/tr[2]/td[2]/table/tbody/tr[2]/td/input}
	at sun.reflect.NativeConstructorAccessorImpl.newInstance0(Native Method)
	at sun.reflect.NativeConstructorAccessorImpl.newInstance(Unknown Source)
	at sun.reflect.DelegatingConstructorAccessorImpl.newInstance(Unknown Source)
	at java.lang.reflect.Constructor.newInstance(Unknown Source)
	at org.openqa.selenium.remote.ErrorHandler.createThrowable(ErrorHandler.java:214)
	at org.openqa.selenium.remote.ErrorHandler.throwIfResponseFailed(ErrorHandler.java:166)
	at org.openqa.selenium.remote.http.JsonHttpResponseCodec.reconstructValue(JsonHttpResponseCodec.java:40)
	at org.openqa.selenium.remote.http.AbstractHttpResponseCodec.decode(AbstractHttpResponseCodec.java:80)
	at org.openqa.selenium.remote.http.AbstractHttpResponseCodec.decode(AbstractHttpResponseCodec.java:44)
	at org.openqa.selenium.remote.HttpCommandExecutor.execute(HttpCommandExecutor.java:158)
	at org.openqa.selenium.remote.service.DriverCommandExecutor.execute(DriverCommandExecutor.java:83)
	at org.openqa.selenium.remote.RemoteWebDriver.execute(RemoteWebDriver.java:545)
	at org.openqa.selenium.remote.RemoteWebDriver.findElement(RemoteWebDriver.java:319)
	at org.openqa.selenium.remote.RemoteWebDriver.findElementByXPath(RemoteWebDriver.java:421)
	at org.openqa.selenium.By$ByXPath.findElement(By.java:361)
	at org.openqa.selenium.remote.RemoteWebDriver.findElement(RemoteWebDriver.java:311)
	at Tests.AEA_LOCRegression_batchFile_4.LOC_PreRCC_Deposit(AEA_LOCRegression_batchFile_4.java:13878)
	at Tests.AEA_LOCRegression_batchFile_4.DFLTcustomer_RCC7_RCCSchedule__lastinstdeposit_Bnkruptwithclear_VoidBNK_Sc282(AEA_LOCRegression_batchFile_4.java:40892)
	at sun.reflect.NativeMethodAccessorImpl.invoke0(Native Method)
	at sun.reflect.NativeMethodAccessorImpl.invoke(Unknown Source)
	at sun.reflect.DelegatingMethodAccessorImpl.invoke(Unknown Source)
	at java.lang.reflect.Method.invoke(Unknown Source)
	at org.testng.internal.MethodInvocationHelper.invokeMethod(MethodInvocationHelper.java:85)
	at org.testng.internal.Invoker.invokeMethod(Invoker.java:639)
	at org.testng.internal.Invoker.invokeTestMethod(Invoker.java:816)
	at org.testng.internal.Invoker.invokeTestMethods(Invoker.java:1124)
	at org.testng.internal.TestMethodWorker.invokeTestMethods(TestMethodWorker.java:125)
	at org.testng.internal.TestMethodWorker.run(TestMethodWorker.java:108)
	at org.testng.TestRunner.privateRun(TestRunner.java:774)
	at org.testng.TestRunner.run(TestRunner.java:624)
	at org.testng.SuiteRunner.runTest(SuiteRunner.java:359)
	at org.testng.SuiteRunner.runSequentially(SuiteRunner.java:354)
	at org.testng.SuiteRunner.privateRun(SuiteRunner.java:312)
	at org.testng.SuiteRunner.run(SuiteRunner.java:261)
	at org.testng.SuiteRunnerWorker.runSuite(SuiteRunnerWorker.java:52)
	at org.testng.SuiteRunnerWorker.run(SuiteRunnerWorker.java:86)
	at org.testng.TestNG.runSuitesSequentially(TestNG.java:1215)
	at org.testng.TestNG.runSuitesLocally(TestNG.java:1140)
	at org.testng.TestNG.run(TestNG.java:1048)
	at org.testng.remote.AbstractRemoteTestNG.run(AbstractRemoteTestNG.java:114)
	at org.testng.remote.RemoteTestNG.initAndRun(RemoteTestNG.java:251)
	at org.testng.remote.RemoteTestNG.main(RemoteTestNG.java:77)
]]>
    </failure>
  </testcase> <!-- DFLTcustomer_RCC7_RCCSchedule__lastinstdeposit_Bnkruptwithclear_VoidBNK_Sc282 -->
  <testcase name="DFLTcustomer_RCC7_RCCSchedule__Bankruptcy_RCCStatusverification_Sc283" time="1448.857" classname="Tests.AEA_LOCRegression_batchFile_4">
    <failure type="org.openqa.selenium.NoSuchElementException" message="Unable to find element with xpath == /html/body/form[1]/table/tbody/tr/td/table/tbody/tr/td/table[2]/tbody/tr[7]/td[2]/table/tbody/tr/td/table/tbody/tr[7]/td[11]/input[1] (WARNING: The server did not provide any stacktrace information)
Command duration or timeout: 0 milliseconds
For documentation on this error, please visit: http://seleniumhq.org/exceptions/no_such_element.html
Build info: version: &amp;apos;3.11.0&amp;apos;, revision: &amp;apos;e59cfb3&amp;apos;, time: &amp;apos;2018-03-11T20:33:08.638Z&amp;apos;
System info: host: &amp;apos;QTLSYS2-139&amp;apos;, ip: &amp;apos;192.168.2.139&amp;apos;, os.name: &amp;apos;Windows 7&amp;apos;, os.arch: &amp;apos;amd64&amp;apos;, os.version: &amp;apos;6.1&amp;apos;, java.version: &amp;apos;1.8.0_101&amp;apos;
Driver info: org.openqa.selenium.ie.InternetExplorerDriver
Capabilities {browserAttachTimeout: 0, browserName: internet explorer, cssSelectorsEnabled: true, elementScrollBehavior: 0, enableElementCacheCleanup: true, enablePersistentHover: true, handlesAlerts: true, ie.browserCommandLineSwitches: , ie.ensureCleanSession: false, ie.forceCreateProcessApi: false, ie.usePerProcessProxy: false, ignoreProtectedModeSettings: false, ignoreZoomSetting: false, initialBrowserUrl: http://localhost:39716/, javascriptEnabled: true, nativeEvents: true, platform: WINDOWS, platformName: WINDOWS, requireWindowFocus: false, takesScreenshot: true, unexpectedAlertBehaviour: dismiss, unhandledPromptBehavior: dismiss, version: 11}
Session ID: f9b52952-6ed2-477e-b0e3-da31216943f4
*** Element info: {Using=xpath, value=/html/body/form[1]/table/tbody/tr/td/table/tbody/tr/td/table[2]/tbody/tr[7]/td[2]/table/tbody/tr/td/table/tbody/tr[7]/td[11]/input[1]}">
      <![CDATA[org.openqa.selenium.NoSuchElementException: Unable to find element with xpath == /html/body/form[1]/table/tbody/tr/td/table/tbody/tr/td/table[2]/tbody/tr[7]/td[2]/table/tbody/tr/td/table/tbody/tr[7]/td[11]/input[1] (WARNING: The server did not provide any stacktrace information)
Command duration or timeout: 0 milliseconds
For documentation on this error, please visit: http://seleniumhq.org/exceptions/no_such_element.html
Build info: version: '3.11.0', revision: 'e59cfb3', time: '2018-03-11T20:33:08.638Z'
System info: host: 'QTLSYS2-139', ip: '192.168.2.139', os.name: 'Windows 7', os.arch: 'amd64', os.version: '6.1', java.version: '1.8.0_101'
Driver info: org.openqa.selenium.ie.InternetExplorerDriver
Capabilities {browserAttachTimeout: 0, browserName: internet explorer, cssSelectorsEnabled: true, elementScrollBehavior: 0, enableElementCacheCleanup: true, enablePersistentHover: true, handlesAlerts: true, ie.browserCommandLineSwitches: , ie.ensureCleanSession: false, ie.forceCreateProcessApi: false, ie.usePerProcessProxy: false, ignoreProtectedModeSettings: false, ignoreZoomSetting: false, initialBrowserUrl: http://localhost:39716/, javascriptEnabled: true, nativeEvents: true, platform: WINDOWS, platformName: WINDOWS, requireWindowFocus: false, takesScreenshot: true, unexpectedAlertBehaviour: dismiss, unhandledPromptBehavior: dismiss, version: 11}
Session ID: f9b52952-6ed2-477e-b0e3-da31216943f4
*** Element info: {Using=xpath, value=/html/body/form[1]/table/tbody/tr/td/table/tbody/tr/td/table[2]/tbody/tr[7]/td[2]/table/tbody/tr/td/table/tbody/tr[7]/td[11]/input[1]}
	at sun.reflect.NativeConstructorAccessorImpl.newInstance0(Native Method)
	at sun.reflect.NativeConstructorAccessorImpl.newInstance(Unknown Source)
	at sun.reflect.DelegatingConstructorAccessorImpl.newInstance(Unknown Source)
	at java.lang.reflect.Constructor.newInstance(Unknown Source)
	at org.openqa.selenium.remote.ErrorHandler.createThrowable(ErrorHandler.java:214)
	at org.openqa.selenium.remote.ErrorHandler.throwIfResponseFailed(ErrorHandler.java:166)
	at org.openqa.selenium.remote.http.JsonHttpResponseCodec.reconstructValue(JsonHttpResponseCodec.java:40)
	at org.openqa.selenium.remote.http.AbstractHttpResponseCodec.decode(AbstractHttpResponseCodec.java:80)
	at org.openqa.selenium.remote.http.AbstractHttpResponseCodec.decode(AbstractHttpResponseCodec.java:44)
	at org.openqa.selenium.remote.HttpCommandExecutor.execute(HttpCommandExecutor.java:158)
	at org.openqa.selenium.remote.service.DriverCommandExecutor.execute(DriverCommandExecutor.java:83)
	at org.openqa.selenium.remote.RemoteWebDriver.execute(RemoteWebDriver.java:545)
	at org.openqa.selenium.remote.RemoteWebDriver.findElement(RemoteWebDriver.java:319)
	at org.openqa.selenium.remote.RemoteWebDriver.findElementByXPath(RemoteWebDriver.java:421)
	at org.openqa.selenium.By$ByXPath.findElement(By.java:361)
	at org.openqa.selenium.remote.RemoteWebDriver.findElement(RemoteWebDriver.java:311)
	at Tests.AEA_LOCRegression_batchFile_4.Bankrupt(AEA_LOCRegression_batchFile_4.java:18833)
	at Tests.AEA_LOCRegression_batchFile_4.DFLTcustomer_RCC7_RCCSchedule__Bankruptcy_RCCStatusverification_Sc283(AEA_LOCRegression_batchFile_4.java:40967)
	at sun.reflect.NativeMethodAccessorImpl.invoke0(Native Method)
	at sun.reflect.NativeMethodAccessorImpl.invoke(Unknown Source)
	at sun.reflect.DelegatingMethodAccessorImpl.invoke(Unknown Source)
	at java.lang.reflect.Method.invoke(Unknown Source)
	at org.testng.internal.MethodInvocationHelper.invokeMethod(MethodInvocationHelper.java:85)
	at org.testng.internal.Invoker.invokeMethod(Invoker.java:639)
	at org.testng.internal.Invoker.invokeTestMethod(Invoker.java:816)
	at org.testng.internal.Invoker.invokeTestMethods(Invoker.java:1124)
	at org.testng.internal.TestMethodWorker.invokeTestMethods(TestMethodWorker.java:125)
	at org.testng.internal.TestMethodWorker.run(TestMethodWorker.java:108)
	at org.testng.TestRunner.privateRun(TestRunner.java:774)
	at org.testng.TestRunner.run(TestRunner.java:624)
	at org.testng.SuiteRunner.runTest(SuiteRunner.java:359)
	at org.testng.SuiteRunner.runSequentially(SuiteRunner.java:354)
	at org.testng.SuiteRunner.privateRun(SuiteRunner.java:312)
	at org.testng.SuiteRunner.run(SuiteRunner.java:261)
	at org.testng.SuiteRunnerWorker.runSuite(SuiteRunnerWorker.java:52)
	at org.testng.SuiteRunnerWorker.run(SuiteRunnerWorker.java:86)
	at org.testng.TestNG.runSuitesSequentially(TestNG.java:1215)
	at org.testng.TestNG.runSuitesLocally(TestNG.java:1140)
	at org.testng.TestNG.run(TestNG.java:1048)
	at org.testng.remote.AbstractRemoteTestNG.run(AbstractRemoteTestNG.java:114)
	at org.testng.remote.RemoteTestNG.initAndRun(RemoteTestNG.java:251)
	at org.testng.remote.RemoteTestNG.main(RemoteTestNG.java:77)
]]>
    </failure>
  </testcase> <!-- DFLTcustomer_RCC7_RCCSchedule__Bankruptcy_RCCStatusverification_Sc283 -->
  <testcase name="DFLTcustomer_RCC7_RCCSchedule__Bankruptcy_VoidBNK_RCCStatusverification_Sc284" time="1451.247" classname="Tests.AEA_LOCRegression_batchFile_4">
    <failure type="org.openqa.selenium.NoSuchElementException" message="Unable to find element with xpath == /html/body/form[1]/table/tbody/tr/td/table/tbody/tr/td/table[2]/tbody/tr[7]/td[2]/table/tbody/tr/td/table/tbody/tr[7]/td[11]/input[1] (WARNING: The server did not provide any stacktrace information)
Command duration or timeout: 0 milliseconds
For documentation on this error, please visit: http://seleniumhq.org/exceptions/no_such_element.html
Build info: version: &amp;apos;3.11.0&amp;apos;, revision: &amp;apos;e59cfb3&amp;apos;, time: &amp;apos;2018-03-11T20:33:08.638Z&amp;apos;
System info: host: &amp;apos;QTLSYS2-139&amp;apos;, ip: &amp;apos;192.168.2.139&amp;apos;, os.name: &amp;apos;Windows 7&amp;apos;, os.arch: &amp;apos;amd64&amp;apos;, os.version: &amp;apos;6.1&amp;apos;, java.version: &amp;apos;1.8.0_101&amp;apos;
Driver info: org.openqa.selenium.ie.InternetExplorerDriver
Capabilities {browserAttachTimeout: 0, browserName: internet explorer, cssSelectorsEnabled: true, elementScrollBehavior: 0, enableElementCacheCleanup: true, enablePersistentHover: true, handlesAlerts: true, ie.browserCommandLineSwitches: , ie.ensureCleanSession: false, ie.forceCreateProcessApi: false, ie.usePerProcessProxy: false, ignoreProtectedModeSettings: false, ignoreZoomSetting: false, initialBrowserUrl: http://localhost:8561/, javascriptEnabled: true, nativeEvents: true, platform: WINDOWS, platformName: WINDOWS, requireWindowFocus: false, takesScreenshot: true, unexpectedAlertBehaviour: dismiss, unhandledPromptBehavior: dismiss, version: 11}
Session ID: e82cec51-ff1a-4e14-b885-461fdfd6a454
*** Element info: {Using=xpath, value=/html/body/form[1]/table/tbody/tr/td/table/tbody/tr/td/table[2]/tbody/tr[7]/td[2]/table/tbody/tr/td/table/tbody/tr[7]/td[11]/input[1]}">
      <![CDATA[org.openqa.selenium.NoSuchElementException: Unable to find element with xpath == /html/body/form[1]/table/tbody/tr/td/table/tbody/tr/td/table[2]/tbody/tr[7]/td[2]/table/tbody/tr/td/table/tbody/tr[7]/td[11]/input[1] (WARNING: The server did not provide any stacktrace information)
Command duration or timeout: 0 milliseconds
For documentation on this error, please visit: http://seleniumhq.org/exceptions/no_such_element.html
Build info: version: '3.11.0', revision: 'e59cfb3', time: '2018-03-11T20:33:08.638Z'
System info: host: 'QTLSYS2-139', ip: '192.168.2.139', os.name: 'Windows 7', os.arch: 'amd64', os.version: '6.1', java.version: '1.8.0_101'
Driver info: org.openqa.selenium.ie.InternetExplorerDriver
Capabilities {browserAttachTimeout: 0, browserName: internet explorer, cssSelectorsEnabled: true, elementScrollBehavior: 0, enableElementCacheCleanup: true, enablePersistentHover: true, handlesAlerts: true, ie.browserCommandLineSwitches: , ie.ensureCleanSession: false, ie.forceCreateProcessApi: false, ie.usePerProcessProxy: false, ignoreProtectedModeSettings: false, ignoreZoomSetting: false, initialBrowserUrl: http://localhost:8561/, javascriptEnabled: true, nativeEvents: true, platform: WINDOWS, platformName: WINDOWS, requireWindowFocus: false, takesScreenshot: true, unexpectedAlertBehaviour: dismiss, unhandledPromptBehavior: dismiss, version: 11}
Session ID: e82cec51-ff1a-4e14-b885-461fdfd6a454
*** Element info: {Using=xpath, value=/html/body/form[1]/table/tbody/tr/td/table/tbody/tr/td/table[2]/tbody/tr[7]/td[2]/table/tbody/tr/td/table/tbody/tr[7]/td[11]/input[1]}
	at sun.reflect.NativeConstructorAccessorImpl.newInstance0(Native Method)
	at sun.reflect.NativeConstructorAccessorImpl.newInstance(Unknown Source)
	at sun.reflect.DelegatingConstructorAccessorImpl.newInstance(Unknown Source)
	at java.lang.reflect.Constructor.newInstance(Unknown Source)
	at org.openqa.selenium.remote.ErrorHandler.createThrowable(ErrorHandler.java:214)
	at org.openqa.selenium.remote.ErrorHandler.throwIfResponseFailed(ErrorHandler.java:166)
	at org.openqa.selenium.remote.http.JsonHttpResponseCodec.reconstructValue(JsonHttpResponseCodec.java:40)
	at org.openqa.selenium.remote.http.AbstractHttpResponseCodec.decode(AbstractHttpResponseCodec.java:80)
	at org.openqa.selenium.remote.http.AbstractHttpResponseCodec.decode(AbstractHttpResponseCodec.java:44)
	at org.openqa.selenium.remote.HttpCommandExecutor.execute(HttpCommandExecutor.java:158)
	at org.openqa.selenium.remote.service.DriverCommandExecutor.execute(DriverCommandExecutor.java:83)
	at org.openqa.selenium.remote.RemoteWebDriver.execute(RemoteWebDriver.java:545)
	at org.openqa.selenium.remote.RemoteWebDriver.findElement(RemoteWebDriver.java:319)
	at org.openqa.selenium.remote.RemoteWebDriver.findElementByXPath(RemoteWebDriver.java:421)
	at org.openqa.selenium.By$ByXPath.findElement(By.java:361)
	at org.openqa.selenium.remote.RemoteWebDriver.findElement(RemoteWebDriver.java:311)
	at Tests.AEA_LOCRegression_batchFile_4.Bankrupt(AEA_LOCRegression_batchFile_4.java:18833)
	at Tests.AEA_LOCRegression_batchFile_4.DFLTcustomer_RCC7_RCCSchedule__Bankruptcy_VoidBNK_RCCStatusverification_Sc284(AEA_LOCRegression_batchFile_4.java:41038)
	at sun.reflect.NativeMethodAccessorImpl.invoke0(Native Method)
	at sun.reflect.NativeMethodAccessorImpl.invoke(Unknown Source)
	at sun.reflect.DelegatingMethodAccessorImpl.invoke(Unknown Source)
	at java.lang.reflect.Method.invoke(Unknown Source)
	at org.testng.internal.MethodInvocationHelper.invokeMethod(MethodInvocationHelper.java:85)
	at org.testng.internal.Invoker.invokeMethod(Invoker.java:639)
	at org.testng.internal.Invoker.invokeTestMethod(Invoker.java:816)
	at org.testng.internal.Invoker.invokeTestMethods(Invoker.java:1124)
	at org.testng.internal.TestMethodWorker.invokeTestMethods(TestMethodWorker.java:125)
	at org.testng.internal.TestMethodWorker.run(TestMethodWorker.java:108)
	at org.testng.TestRunner.privateRun(TestRunner.java:774)
	at org.testng.TestRunner.run(TestRunner.java:624)
	at org.testng.SuiteRunner.runTest(SuiteRunner.java:359)
	at org.testng.SuiteRunner.runSequentially(SuiteRunner.java:354)
	at org.testng.SuiteRunner.privateRun(SuiteRunner.java:312)
	at org.testng.SuiteRunner.run(SuiteRunner.java:261)
	at org.testng.SuiteRunnerWorker.runSuite(SuiteRunnerWorker.java:52)
	at org.testng.SuiteRunnerWorker.run(SuiteRunnerWorker.java:86)
	at org.testng.TestNG.runSuitesSequentially(TestNG.java:1215)
	at org.testng.TestNG.runSuitesLocally(TestNG.java:1140)
	at org.testng.TestNG.run(TestNG.java:1048)
	at org.testng.remote.AbstractRemoteTestNG.run(AbstractRemoteTestNG.java:114)
	at org.testng.remote.RemoteTestNG.initAndRun(RemoteTestNG.java:251)
	at org.testng.remote.RemoteTestNG.main(RemoteTestNG.java:77)
]]>
    </failure>
  </testcase> <!-- DFLTcustomer_RCC7_RCCSchedule__Bankruptcy_VoidBNK_RCCStatusverification_Sc284 -->
  <testcase name="DFLTcustomer_RCC7_RCCSchedule__PendingBankruptcy_RCCSchnotgenerated_Sc285" time="1438.038" classname="Tests.AEA_LOCRegression_batchFile_4"/>
  <testcase name="DFLTcustomer_RCC7_RCCSchedule__PendingBankruptcy_VoidPendingBnkrupt_VerifyRCCSchedule_Sc286" time="443.628" classname="Tests.AEA_LOCRegression_batchFile_4">
    <failure type="org.openqa.selenium.NoSuchElementException" message="Unable to find element with name == storeCode (WARNING: The server did not provide any stacktrace information)
Command duration or timeout: 0 milliseconds
For documentation on this error, please visit: http://seleniumhq.org/exceptions/no_such_element.html
Build info: version: &amp;apos;3.11.0&amp;apos;, revision: &amp;apos;e59cfb3&amp;apos;, time: &amp;apos;2018-03-11T20:33:08.638Z&amp;apos;
System info: host: &amp;apos;QTLSYS2-139&amp;apos;, ip: &amp;apos;192.168.2.139&amp;apos;, os.name: &amp;apos;Windows 7&amp;apos;, os.arch: &amp;apos;amd64&amp;apos;, os.version: &amp;apos;6.1&amp;apos;, java.version: &amp;apos;1.8.0_101&amp;apos;
Driver info: org.openqa.selenium.ie.InternetExplorerDriver
Capabilities {browserAttachTimeout: 0, browserName: internet explorer, cssSelectorsEnabled: true, elementScrollBehavior: 0, enableElementCacheCleanup: true, enablePersistentHover: true, handlesAlerts: true, ie.browserCommandLineSwitches: , ie.ensureCleanSession: false, ie.forceCreateProcessApi: false, ie.usePerProcessProxy: false, ignoreProtectedModeSettings: false, ignoreZoomSetting: false, initialBrowserUrl: http://localhost:45638/, javascriptEnabled: true, nativeEvents: true, platform: WINDOWS, platformName: WINDOWS, requireWindowFocus: false, takesScreenshot: true, unexpectedAlertBehaviour: dismiss, unhandledPromptBehavior: dismiss, version: 11}
Session ID: 75c12724-7af5-4a6d-abc8-58fe90694ccd
*** Element info: {Using=name, value=storeCode}">
      <![CDATA[org.openqa.selenium.NoSuchElementException: Unable to find element with name == storeCode (WARNING: The server did not provide any stacktrace information)
Command duration or timeout: 0 milliseconds
For documentation on this error, please visit: http://seleniumhq.org/exceptions/no_such_element.html
Build info: version: '3.11.0', revision: 'e59cfb3', time: '2018-03-11T20:33:08.638Z'
System info: host: 'QTLSYS2-139', ip: '192.168.2.139', os.name: 'Windows 7', os.arch: 'amd64', os.version: '6.1', java.version: '1.8.0_101'
Driver info: org.openqa.selenium.ie.InternetExplorerDriver
Capabilities {browserAttachTimeout: 0, browserName: internet explorer, cssSelectorsEnabled: true, elementScrollBehavior: 0, enableElementCacheCleanup: true, enablePersistentHover: true, handlesAlerts: true, ie.browserCommandLineSwitches: , ie.ensureCleanSession: false, ie.forceCreateProcessApi: false, ie.usePerProcessProxy: false, ignoreProtectedModeSettings: false, ignoreZoomSetting: false, initialBrowserUrl: http://localhost:45638/, javascriptEnabled: true, nativeEvents: true, platform: WINDOWS, platformName: WINDOWS, requireWindowFocus: false, takesScreenshot: true, unexpectedAlertBehaviour: dismiss, unhandledPromptBehavior: dismiss, version: 11}
Session ID: 75c12724-7af5-4a6d-abc8-58fe90694ccd
*** Element info: {Using=name, value=storeCode}
	at sun.reflect.NativeConstructorAccessorImpl.newInstance0(Native Method)
	at sun.reflect.NativeConstructorAccessorImpl.newInstance(Unknown Source)
	at sun.reflect.DelegatingConstructorAccessorImpl.newInstance(Unknown Source)
	at java.lang.reflect.Constructor.newInstance(Unknown Source)
	at org.openqa.selenium.remote.ErrorHandler.createThrowable(ErrorHandler.java:214)
	at org.openqa.selenium.remote.ErrorHandler.throwIfResponseFailed(ErrorHandler.java:166)
	at org.openqa.selenium.remote.http.JsonHttpResponseCodec.reconstructValue(JsonHttpResponseCodec.java:40)
	at org.openqa.selenium.remote.http.AbstractHttpResponseCodec.decode(AbstractHttpResponseCodec.java:80)
	at org.openqa.selenium.remote.http.AbstractHttpResponseCodec.decode(AbstractHttpResponseCodec.java:44)
	at org.openqa.selenium.remote.HttpCommandExecutor.execute(HttpCommandExecutor.java:158)
	at org.openqa.selenium.remote.service.DriverCommandExecutor.execute(DriverCommandExecutor.java:83)
	at org.openqa.selenium.remote.RemoteWebDriver.execute(RemoteWebDriver.java:545)
	at org.openqa.selenium.remote.RemoteWebDriver.findElement(RemoteWebDriver.java:319)
	at org.openqa.selenium.remote.RemoteWebDriver.findElementByName(RemoteWebDriver.java:397)
	at org.openqa.selenium.By$ByName.findElement(By.java:303)
	at org.openqa.selenium.remote.RemoteWebDriver.findElement(RemoteWebDriver.java:311)
	at Tests.AEA_LOCRegression_batchFile_4.AgeStore(AEA_LOCRegression_batchFile_4.java:1777)
	at Tests.AEA_LOCRegression_batchFile_4.DFLTcustomer_RCC7_RCCSchedule__PendingBankruptcy_VoidPendingBnkrupt_VerifyRCCSchedule_Sc286(AEA_LOCRegression_batchFile_4.java:41157)
	at sun.reflect.NativeMethodAccessorImpl.invoke0(Native Method)
	at sun.reflect.NativeMethodAccessorImpl.invoke(Unknown Source)
	at sun.reflect.DelegatingMethodAccessorImpl.invoke(Unknown Source)
	at java.lang.reflect.Method.invoke(Unknown Source)
	at org.testng.internal.MethodInvocationHelper.invokeMethod(MethodInvocationHelper.java:85)
	at org.testng.internal.Invoker.invokeMethod(Invoker.java:639)
	at org.testng.internal.Invoker.invokeTestMethod(Invoker.java:816)
	at org.testng.internal.Invoker.invokeTestMethods(Invoker.java:1124)
	at org.testng.internal.TestMethodWorker.invokeTestMethods(TestMethodWorker.java:125)
	at org.testng.internal.TestMethodWorker.run(TestMethodWorker.java:108)
	at org.testng.TestRunner.privateRun(TestRunner.java:774)
	at org.testng.TestRunner.run(TestRunner.java:624)
	at org.testng.SuiteRunner.runTest(SuiteRunner.java:359)
	at org.testng.SuiteRunner.runSequentially(SuiteRunner.java:354)
	at org.testng.SuiteRunner.privateRun(SuiteRunner.java:312)
	at org.testng.SuiteRunner.run(SuiteRunner.java:261)
	at org.testng.SuiteRunnerWorker.runSuite(SuiteRunnerWorker.java:52)
	at org.testng.SuiteRunnerWorker.run(SuiteRunnerWorker.java:86)
	at org.testng.TestNG.runSuitesSequentially(TestNG.java:1215)
	at org.testng.TestNG.runSuitesLocally(TestNG.java:1140)
	at org.testng.TestNG.run(TestNG.java:1048)
	at org.testng.remote.AbstractRemoteTestNG.run(AbstractRemoteTestNG.java:114)
	at org.testng.remote.RemoteTestNG.initAndRun(RemoteTestNG.java:251)
	at org.testng.remote.RemoteTestNG.main(RemoteTestNG.java:77)
]]>
    </failure>
  </testcase> <!-- DFLTcustomer_RCC7_RCCSchedule__PendingBankruptcy_VoidPendingBnkrupt_VerifyRCCSchedule_Sc286 -->
  <testcase name="DeflutLoan__GenerateRcc_PendingBNK_DepositNotBeProcessed" time="0.0" classname="Tests.AEA_LOCRegression_batchFile_4">
    <skipped/>
  </testcase> <!-- DeflutLoan__GenerateRcc_PendingBNK_DepositNotBeProcessed -->
  <testcase name="DeflutLoan__GenerateRcc_PendingBNK_VoidPendingBNK_DepositNotBeProcessed" time="0.0" classname="Tests.AEA_LOCRegression_batchFile_4">
    <skipped/>
  </testcase> <!-- DeflutLoan__GenerateRcc_PendingBNK_VoidPendingBNK_DepositNotBeProcessed -->
  <testcase name="LocI_Draw_Stmt_Deposit_Return_DLQ_Cure_DEF_WO_CheckEligibilityofRCC" time="0.0" classname="Tests.AEA_LOCRegression_batchFile_4">
    <skipped/>
  </testcase> <!-- LocI_Draw_Stmt_Deposit_Return_DLQ_Cure_DEF_WO_CheckEligibilityofRCC -->
  <testcase name="LocI_Draw_Stmt_Deposit_otherthan1and9Return_DLQ_Cure_DEF_WO_CheckEligibilityofRCC" time="0.0" classname="Tests.AEA_LOCRegression_batchFile_4">
    <skipped/>
  </testcase> <!-- LocI_Draw_Stmt_Deposit_otherthan1and9Return_DLQ_Cure_DEF_WO_CheckEligibilityofRCC -->
  <testcase name="LOCI_Draw_stmt_Deposit_ReturnwithR01_DLQ_Cure_WO_PendingBNK_Deceased_EligibilityRCC_Sc291" time="0.0" classname="Tests.AEA_LOCRegression_batchFile_4">
    <skipped/>
  </testcase> <!-- LOCI_Draw_stmt_Deposit_ReturnwithR01_DLQ_Cure_WO_PendingBNK_Deceased_EligibilityRCC_Sc291 -->
  <testcase name="LOCInit_Draw_Stmt_Dep_ReturnR01andR09_DLQT_Cure_ACHRevoke_WO_CheckRCC_" time="0.0" classname="Tests.AEA_LOCRegression_batchFile_4">
    <skipped/>
  </testcase> <!-- LOCInit_Draw_Stmt_Dep_ReturnR01andR09_DLQT_Cure_ACHRevoke_WO_CheckRCC_ -->
  <testcase name="LOCInit_Draw_Stmt_delinquent_Cure_WO_RCCSchd_WORecoveryfullPmt_RCCSCheduleCancel_" time="0.0" classname="Tests.AEA_LOCRegression_batchFile_4">
    <skipped/>
  </testcase> <!-- LOCInit_Draw_Stmt_delinquent_Cure_WO_RCCSchd_WORecoveryfullPmt_RCCSCheduleCancel_ -->
  <testcase name="LOCInit_Draw_Stmt_delinquent_Cure_WO_RCCSchd_WORecoveryfullPmt_VoidWORecovery_RCCSCheduleRevise_IsLoanRCCN" time="0.0" classname="Tests.AEA_LOCRegression_batchFile_4">
    <skipped/>
  </testcase> <!-- LOCInit_Draw_Stmt_delinquent_Cure_WO_RCCSchd_WORecoveryfullPmt_VoidWORecovery_RCCSCheduleRevise_IsLoanRCCN -->
  <testcase name="LOCI_Draw_Stmt_delinquent_Cure_DFLT_WO_RCCScdl_RCCRev_RCCCancelled_" time="0.0" classname="Tests.AEA_LOCRegression_batchFile_4">
    <skipped/>
  </testcase> <!-- LOCI_Draw_Stmt_delinquent_Cure_DFLT_WO_RCCScdl_RCCRev_RCCCancelled_ -->
  <testcase name="LOCI_Draw_Stmt_delinquent_Cure_WO_RCCScdl_RCCRevoke_Authorizeafter1month_RCCRevise" time="0.0" classname="Tests.AEA_LOCRegression_batchFile_4">
    <skipped/>
  </testcase> <!-- LOCI_Draw_Stmt_delinquent_Cure_WO_RCCScdl_RCCRevoke_Authorizeafter1month_RCCRevise -->
  <testcase name="LOCI_Draw_Stmt_Dlqt_Cure_WO_RCCSchdl_1stInstDep_1stInstRet" time="0.0" classname="Tests.AEA_LOCRegression_batchFile_4">
    <skipped/>
  </testcase> <!-- LOCI_Draw_Stmt_Dlqt_Cure_WO_RCCSchdl_1stInstDep_1stInstRet -->
  <testcase name="LOCI_Draw_Stmt_Dlqt_Cure_WO_RCCSchdl_1stInstDep_clear_NextInstPartPmt_RCCScdlReviseBalAmt_" time="0.0" classname="Tests.AEA_LOCRegression_batchFile_4">
    <skipped/>
  </testcase> <!-- LOCI_Draw_Stmt_Dlqt_Cure_WO_RCCSchdl_1stInstDep_clear_NextInstPartPmt_RCCScdlReviseBalAmt_ -->
  <testcase name="DFLTLoan_WO_RCCStatusShouldbeY_ChangeFrequency_RCCSchedule_InstDatesBaseOnNewFrequency_" time="0.0" classname="Tests.AEA_LOCRegression_batchFile_4">
    <skipped/>
  </testcase> <!-- DFLTLoan_WO_RCCStatusShouldbeY_ChangeFrequency_RCCSchedule_InstDatesBaseOnNewFrequency_ -->
  <testcase name="DFLTLoan_WO_RCCStatusShouldbeY_ChangeFrequency_RCCSchedule_InstDatesBaseOnOldFrequency_" time="0.0" classname="Tests.AEA_LOCRegression_batchFile_4">
    <skipped/>
  </testcase> <!-- DFLTLoan_WO_RCCStatusShouldbeY_ChangeFrequency_RCCSchedule_InstDatesBaseOnOldFrequency_ -->
  <testcase name="LOCI_Draw_Stmt_Dlqt_Cure_WO_RCCSchdl_1stInstDep_clear_2ndInstDep_1stInstRet" time="0.0" classname="Tests.AEA_LOCRegression_batchFile_4">
    <skipped/>
  </testcase> <!-- LOCI_Draw_Stmt_Dlqt_Cure_WO_RCCSchdl_1stInstDep_clear_2ndInstDep_1stInstRet -->
  <testcase name="LOCI_Draw_Stmt_DLQ_Cure_Default_WO_1stinst_return_2ndinst_Return_3rdinst_Return" time="0.0" classname="Tests.AEA_LOCRegression_batchFile_4">
    <skipped/>
  </testcase> <!-- LOCI_Draw_Stmt_DLQ_Cure_Default_WO_1stinst_return_2ndinst_Return_3rdinst_Return -->
  <testcase name="DFLT_WO_RccSChedule_RccRevoke_Epp_voidEpp_RccAuthorzation_CustomershouldeligibleforRCCnow" time="0.0" classname="Tests.AEA_LOCRegression_batchFile_4">
    <skipped/>
  </testcase> <!-- DFLT_WO_RccSChedule_RccRevoke_Epp_voidEpp_RccAuthorzation_CustomershouldeligibleforRCCnow -->
  <testcase name="LOCI_Draw_Stmt_DLQ_Cure_Default_WO_DepositLastInstall_LoanshouldnotBeClosed" time="0.0" classname="Tests.AEA_LOCRegression_batchFile_4">
    <skipped/>
  </testcase> <!-- LOCI_Draw_Stmt_DLQ_Cure_Default_WO_DepositLastInstall_LoanshouldnotBeClosed -->
  <testcase name="LOCI_Draw_Stmt_DLQ_Cure_Default_WO_DepositandClearLastInstall_LoanshouldBeClosed" time="0.0" classname="Tests.AEA_LOCRegression_batchFile_4">
    <skipped/>
  </testcase> <!-- LOCI_Draw_Stmt_DLQ_Cure_Default_WO_DepositandClearLastInstall_LoanshouldBeClosed -->
  <testcase name="LOCI_Draw_Stmt_DLQ_Cure_Default_WO_DepositandReturnLastInstall_Loanshouldbeupdatedtopreviousstatusandscheduleshouldberevised" time="0.0" classname="Tests.AEA_LOCRegression_batchFile_4">
    <skipped/>
  </testcase> <!-- LOCI_Draw_Stmt_DLQ_Cure_Default_WO_DepositandReturnLastInstall_Loanshouldbeupdatedtopreviousstatusandscheduleshouldberevised -->
  <testcase name="LOCI_wky_Bim_Bi_Draw_Stmt_Dep_Return_RepDep" time="0.0" classname="Tests.AEA_LOCRegression_batchFile_4">
    <skipped/>
  </testcase> <!-- LOCI_wky_Bim_Bi_Draw_Stmt_Dep_Return_RepDep -->
  <testcase name="LOCI_WKY_Bim_Bi_Draw_Stmt_Dep_Return_PartialPayment_RepDep" time="0.0" classname="Tests.AEA_LOCRegression_batchFile_4">
    <skipped/>
  </testcase> <!-- LOCI_WKY_Bim_Bi_Draw_Stmt_Dep_Return_PartialPayment_RepDep -->
  <testcase name="LOCI_wky_Bim_Bi_Draw_Stmt_Dep_Return_RepDep_Clear_Return" time="0.0" classname="Tests.AEA_LOCRegression_batchFile_4">
    <skipped/>
  </testcase> <!-- LOCI_wky_Bim_Bi_Draw_Stmt_Dep_Return_RepDep_Clear_Return -->
  <testcase name="LOCI_Draw_Stmnt_Dep_Return_RepDep_ActMilitary_RepresrecCancel_" time="0.0" classname="Tests.AEA_LOCRegression_batchFile_4">
    <skipped/>
  </testcase> <!-- LOCI_Draw_Stmnt_Dep_Return_RepDep_ActMilitary_RepresrecCancel_ -->
  <testcase name="LOCI_Draw_stmt_Deposit_ReturnwithR01_ACTM_ACTMEnd_RepDepRecordchouldpickforDeposit_Sc314" time="0.0" classname="Tests.AEA_LOCRegression_batchFile_4">
    <skipped/>
  </testcase> <!-- LOCI_Draw_stmt_Deposit_ReturnwithR01_ACTM_ACTMEnd_RepDepRecordchouldpickforDeposit_Sc314 -->
</testsuite> <!-- Default test -->
